;  LST file generated by mikroListExporter - v.2.0 
; Date/Time: 3/6/2019 14:32:08
;----------------------------------------------

;Address Opcode 	ASM
0x0000	0x2816      	GOTO       22
_____DoICP:
0x0003	0x1283      	BCF        STATUS, 5
0x0004	0x1303      	BCF        STATUS, 6
0x0005	0x0823      	MOVF       ___DoICPAddr+1, 0
0x0006	0x008A      	MOVWF      PCLATH
0x0007	0x0822      	MOVF       ___DoICPAddr, 0
0x0008	0x0082      	MOVWF      PCL
L_end_____DoICP:
0x0009	0x0008      	RETURN
; end of _____DoICP
___CC2DW:
_CC2D_Loop1:
0x000A	0x2003      	CALL       _____DoICP
0x000B	0x118A      	BCF        PCLATH, 3
0x000C	0x120A      	BCF        PCLATH, 4
0x000D	0x0080      	MOVWF      INDF
0x000E	0x0A84      	INCF       FSR, 1
0x000F	0x0AA2      	INCF       ___DoICPAddr, 1
0x0010	0x1903      	BTFSC      STATUS, 2
0x0011	0x0AA3      	INCF       ___DoICPAddr+1, 1
0x0012	0x03F0      	DECF       R0, 1
0x0013	0x1D03      	BTFSS      STATUS, 2
0x0014	0x280A      	GOTO       _CC2D_Loop1
L_end___CC2DW:
0x0015	0x0008      	RETURN
; end of ___CC2DW
_main:
0x0016	0x1283      	BCF        STATUS, 5
0x0017	0x1303      	BCF        STATUS, 6
0x0018	0x01A0      	CLRF       _i
0x0019	0x01A1      	CLRF       33
0x001A	0x1683      	BSF        STATUS, 5
0x001B	0x1703      	BSF        STATUS, 6
0x001C	0x0189      	CLRF       ANSELH
0x001D	0x0188      	CLRF       ANSEL
0x001E	0x3001      	MOVLW      1
0x001F	0x1303      	BCF        STATUS, 6
0x0020	0x0087      	MOVWF      TRISC
0x0021	0x0188      	CLRF       TRISD
0x0022	0x1283      	BCF        STATUS, 5
0x0023	0x0187      	CLRF       PORTC
0x0024	0x0188      	CLRF       PORTD
L_main0:
0x0025	0x1C07      	BTFSS      PORTC, 0
0x0026	0x283B      	GOTO       L_main2
0x0027	0x0AA0      	INCF       _i, 1
0x0028	0x1903      	BTFSC      STATUS, 2
0x0029	0x0AA1      	INCF       _i+1, 1
0x002A	0x0820      	MOVF       _i, 0
0x002B	0x0088      	MOVWF      PORTD
0x002C	0x300B      	MOVLW      11
0x002D	0x00FB      	MOVWF      R11
0x002E	0x3026      	MOVLW      38
0x002F	0x00FC      	MOVWF      R12
0x0030	0x305D      	MOVLW      93
0x0031	0x00FD      	MOVWF      R13
L_main3:
0x0032	0x0BFD      	DECFSZ     R13, 1
0x0033	0x2832      	GOTO       L_main3
0x0034	0x0BFC      	DECFSZ     R12, 1
0x0035	0x2832      	GOTO       L_main3
0x0036	0x0BFB      	DECFSZ     R11, 1
0x0037	0x2832      	GOTO       L_main3
0x0038	0x0000      	NOP
0x0039	0x0000      	NOP
0x003A	0x283D      	GOTO       L_main4
L_main2:
0x003B	0x0820      	MOVF       _i, 0
0x003C	0x0088      	MOVWF      PORTD
L_main4:
0x003D	0x2825      	GOTO       L_main0
L_end_main:
0x003E	0x283E      	GOTO       $+0
; end of _main
Symbol List:
//** Routines locations **
//ADDRESS    SIZE    PROCEDURE
//----------------------------------------------
0x0003       [7]    _____DoICP
0x000A      [12]    ___CC2DW
0x0016      [41]    _main
//** Variables locations ** 
//ADDRESS    SIZE    VARIABLE
//----------------------------------------------
0x0000       [1]    INDF
0x0002       [1]    PCL
0x0003       [1]    STATUS
0x0004       [1]    FSR
0x0007       [1]    PORTC
0x0008       [1]    PORTD
0x000A       [1]    PCLATH
0x0020       [2]    _i
0x0022       [2]    ___DoICPAddr
0x0070       [1]    R0
0x0071       [1]    R1
0x0072       [1]    R2
0x0073       [1]    R3
0x0074       [1]    R4
0x0075       [1]    R5
0x0076       [1]    R6
0x0077       [1]    R7
0x0078       [1]    R8
0x0079       [1]    R9
0x007A       [1]    R10
0x007B       [1]    R11
0x007C       [1]    R12
0x007D       [1]    R13
0x007E       [1]    R14
0x007F       [1]    R15
0x0087       [1]    TRISC
0x0088       [1]    TRISD
0x0188       [1]    ANSEL
0x0189       [1]    ANSELH
