MPASM 5.82                    EJERCICIO1.ASM   5-31-2019  16:07:55         PAGE  1


LOC  OBJECT CODE     LINE SOURCE TEXT
  VALUE

                      00001 ;***********************************ENCABEZADO************************************
                      00002 ;-----------------------------Configuracion inicial-----------------------------;*
                      00003         LIST            p=16F887                ;Tipo de microcontrolador                               
                                            ;*
                      00004         INCLUDE         P16F887.INC             ;Define los SFRs y bits del P16F887                     
                                    ;*
                      00001         LIST
                      00002 
                      00003 ;==========================================================================
                      00004 ; Build date : Sep 19 2018
                      00005 ;  MPASM PIC16F887 processor include
                      00006 ; 
                      00007 ;  (c) Copyright 1999-2018 Microchip Technology, All rights reserved
                      00008 ;==========================================================================
                      00009 
                      00810         LIST
                      00005                                                                                                         
                                                                                    ;*
2007   3FF4           00006         __CONFIG _CONFIG1, _CP_OFF&_WDT_OFF&_INTOSCIO                                                   
                                    ;*
                      00007         errorlevel       -302                   ;Deshabilita mensajes de advertencia por cambio ;*
                      00008                                                                 ;bancos                                 
                                                                            ;*
                      00009 ;----------------------------Declaracion de variables---------------------------;*
                      00010         CBLOCK  0X20                                                                                    
                                                                    ;*
  00000020            00011         tempTMR0                                        ;almacena el valor inicial del TMR0             
                                            ;*
  00000021            00012         columna                                         ;registro que indica la columna a mostrar       
                                    ;*
  00000022            00013         desp                                            ;indica el desplazamiento dentro de la tabla    
                            ;*
  00000023            00014         ocho                                            ;Variable usada para obtener hasta maximo 8     
                                    ;*
                      00015                                                                 ;valores de la tabla para mostrar en la 
                            matriz  ;*
  00000024            00016         temp                                            ;Determina el retardo entre fotogramas          
                                    ;*
  00000025            00017         d1                                                      ;Variables para los retardos            
                                                    ;*
  00000026            00018         d2                                                                                              
                                                                                    ;*
  00000027            00019         d3                                                                                              
                                                                                    ;*
                      00020         ENDC                                                                                            
                                                                            ;*
                      00021 ;-----------------------------INICIO DEL PROGRAMA-------------------------------;*
                      00022         ORG     0x00                    ; Comienzo del programa (Vector de Reset)                       
                            ;*
0000   2???           00023         GOTO    MAIN                                                                                    
                                                                    ;*
                      00024         ORG             0X04                    ; Comienzo de las interrupciones (Vector de Int)        
                            ;*
MPASM 5.82                    EJERCICIO1.ASM   5-31-2019  16:07:55         PAGE  2


LOC  OBJECT CODE     LINE SOURCE TEXT
  VALUE

0004   2???           00025         GOTO    INTER                                                                                   
                                                                    ;*
                      00026 ;-----------------------------------TABLAS--------------------------------------;*
0005                  00027 IMAGENES                                                                                                
                                                                            ;*
                      00028 ;MUÑECO_01 (desp=0)                                                                                     
                                                                    ;*
0005   0782           00029         ADDWF   PCL,F                                                                                   
                                                                    ;*
0006   34EF           00030     RETLW   0xEF                                                                                        
                                                                    ;*
0007   34EF           00031         RETLW   0xEF                                                                                    
                                                                    ;*
0008   342C           00032         RETLW   0x2C                                                                                    
                                                                    ;*
0009   3403           00033         RETLW   0x03                                                                                    
                                                                    ;*
000A   3403           00034         RETLW   0x03                                                                                    
                                                                    ;*
000B   342C           00035         RETLW   0x2C                                                                                    
                                                                    ;*
000C   34EF           00036         RETLW   0xEF                                                                                    
                                                                    ;*
000D   34EF           00037         RETLW   0xEF                                                                                    
                                                                    ;*
                      00038 ;MUÑECO_02 (desp=8)                                                                                     
                                                                    ;*
000E   34EF           00039     RETLW   0xEF                                                                                        
                                                                    ;*
000F   34EF           00040         RETLW   0xEF                                                                                    
                                                                    ;*
0010   342C           00041         RETLW   0x2C                                                                                    
                                                                    ;*
0011   3403           00042         RETLW   0x03                                                                                    
                                                                    ;*
0012   3403           00043         RETLW   0x03                                                                                    
                                                                    ;*
0013   342C           00044         RETLW   0x2C                                                                                    
                                                                    ;*
0014   34DF           00045         RETLW   0xDF                                                                                    
                                                                    ;*
0015   34BF           00046         RETLW   0xBF                                                                                    
                                                                    ;*
                      00047 ;En desplazamiento de letras, se debe poner los valores al reves en la tabla    ;*
                      00048 ;'__','JM', 'LR','__' para que salga un mensaje como '  JMLR  '                                 ;*
                      00049 ;LETRAS --      (desp=16)                                                                               
                                                                    ;*
0016   34FF           00050         RETLW   0xFF                                                                                    
                                                                    ;*
0017   34FF           00051         RETLW   0xFF                                                                                    
                                                                    ;*
0018   34FF           00052         RETLW   0xFF                                                                                    
                                                                    ;*
MPASM 5.82                    EJERCICIO1.ASM   5-31-2019  16:07:55         PAGE  3


LOC  OBJECT CODE     LINE SOURCE TEXT
  VALUE

0019   34FF           00053         RETLW   0xFF                                                                                    
                                                                    ;*
001A   34FF           00054         RETLW   0xFF                                                                                    
                                                                    ;*
001B   34FF           00055         RETLW   0xFF                                                                                    
                                                                    ;*
001C   34FF           00056         RETLW   0xFF                                                                                    
                                                                    ;*
001D   34FF           00057         RETLW   0xFF                                                                                    
                                                                    ;*
                      00058 ;LETRAS JM      (desp=24)                                                                               
                                                                    ;*
001E   3400           00059         RETLW   0x00                                                                                    
                                                                    ;*
001F   3497           00060         RETLW   0x97                                                                                    
                                                                    ;*
0020   3494           00061         RETLW   0x94                                                                                    
                                                                    ;*
0021   34F4           00062         RETLW   0xF4                                                                                    
                                                                    ;*
0022   3494           00063         RETLW   0x94                                                                                    
                                                                    ;*
0023   34F7           00064         RETLW   0xF7                                                                                    
                                                                    ;*
0024   3400           00065         RETLW   0x00                                                                                    
                                                                    ;*
0025   3400           00066         RETLW   0x00                                                                                    
                                                                    ;*
                      00067 ;LETRAS LR      (desp=32)                                                                               
                                                                    ;*
0026   3400           00068         RETLW   0x00                                                                                    
                                                                    ;*
0027   3427           00069         RETLW   0x27                                                                                    
                                                                    ;*
0028   3421           00070         RETLW   0x21                                                                                    
                                                                    ;*
0029   3421           00071         RETLW   0x21                                                                                    
                                                                    ;*
002A   3451           00072         RETLW   0x51                                                                                    
                                                                    ;*
002B   3489           00073         RETLW   0x89                                                                                    
                                                                    ;*
002C   3400           00074         RETLW   0x00                                                                                    
                                                                    ;*
002D   3400           00075         RETLW   0x00                                                                                    
                                                                    ;*
                      00076 ;LETRAS --      (desp=40)                                                                               
                                                                    ;*
002E   34FF           00077         RETLW   0xFF                                                                                    
                                                                    ;*
002F   34FF           00078         RETLW   0xFF                                                                                    
                                                                    ;*
0030   34FF           00079         RETLW   0xFF                                                                                    
MPASM 5.82                    EJERCICIO1.ASM   5-31-2019  16:07:55         PAGE  4


LOC  OBJECT CODE     LINE SOURCE TEXT
  VALUE

                                                                    ;*
0031   34FF           00080         RETLW   0xFF                                                                                    
                                                                    ;*
0032   34FF           00081         RETLW   0xFF                                                                                    
                                                                    ;*
0033   34FF           00082         RETLW   0xFF                                                                                    
                                                                    ;*
0034   34FF           00083         RETLW   0xFF                                                                                    
                                                                    ;*
0035   34FF           00084         RETLW   0xFF                                                                                    
                                                                    ;*
                      00085 ;-------------------------------------------------------------------------------;*
                      00086 ;*********************************************************************************
                      00087 
                      00088 ;**************************Funciones de Interrupciones****************************
                      00089 ;----------------------------Interrupcion principal-----------------------------;*
                      00090 ;Selecciona la interrupcion adecuada                                                                    
                                            ;*
0036                  00091 INTER                                                                                                   
                                                                            ;*
0036   180B           00092         BTFSC           INTCON, RBIF    ;Salta a una funcion de interrupcion                    ;*
0037   2???           00093         GOTO            INTRB                   ;dependiendo de cual bandera se activo                  
                            ;*
0038   190B           00094         BTFSC           INTCON,T0IF             ;RBIF -> Bandera de cambio de estado del PORTB  ;*
0039   2???           00095         GOTO            INTTMR0                 ;T0IF -> Bandera de desbordamiento del TMR0             
                            ;*
003A   0009           00096         RETFIE                                                                                          
                                                                            ;*
                      00097 ;-----------------------------Interrupcion del PORTB----------------------------;*
                      00098 ;Cada vez que se activa un switch el PIC se reinicia                                                    
                            ;*
                      00099 ;Es decir detiene cualquier funcion anterior y ejecuta la nueva                                 ;*
003B                  00100 INTRB                                                                                                   
                                                                            ;*
003B   0187           00101         CLRF            PORTC                   ;apaga la matriz                                        
                                                    ;*
003C   1283 1703      00102         BANKSEL         WDTCON                                                                          
                                                                    ;*
003E   3001           00103         MOVLW           .1                                                                              
                                                                            ;*
003F   0085           00104         MOVWF           WDTCON                  ;Activa el perro Guardian                               
                                            ;*
0040                  00105 CICLO                                                   ;Lazo infinito para que se desborde el perro    
                            ;*
0040   2???           00106         GOTO            CICLO                   ;guardian y se reinicie el PIC                          
                                    ;*
0041   0009           00107          RETFIE                                                                                         
                                                                            ;*
                      00108 ;------------------------------Interrupcion del TMR0----------------------------;*
                      00109 ;Genera una onda cuadrada a traves del pin RE2                                                          
                                    ;*
                      00110 ;El frecuencia de la onda cuadrada dependerá del sonido a emitir                                ;*
0042                  00111 INTTMR0                                                                                                 
MPASM 5.82                    EJERCICIO1.ASM   5-31-2019  16:07:55         PAGE  5


LOC  OBJECT CODE     LINE SOURCE TEXT
  VALUE

                                                                            ;*
0042   110B           00112         BCF                     INTCON,T0IF             ;se encera la bandera del TMR0                  
                                            ;*
0043   1909           00113         BTFSC           PORTE,2                 ;verifica el valor anterior de RE2,                     
                                    ;*
0044   2???           00114         GOTO            hacer0                  ;si estaba en alto lo pasa a bajo y viceversa   ;*
0045   1509           00115         BSF                     PORTE,2                                                                 
                                                                            ;*
0046   0820           00116         MOVF            tempTMR0,w              ;tempTMR0 es una variable que almacena el               
                            ;*
0047   0081           00117         MOVWF           TMR0                    ;valor inicial que debe tener el TMR0                   
                            ;*
0048   0009           00118         RETFIE                                          ;para que genere una interrupción cada          
                                    ;*
0049                  00119 hacer0                                                  ;semiperiodo de la nota musical a emitir        
                                    ;*
0049   1109           00120         BCF                     PORTE,2                                                                 
                                                                            ;*
004A   0820           00121         MOVF            tempTMR0,w                                                                      
                                                                    ;*
004B   0081           00122         MOVWF           TMR0                                                                            
                                                                    ;*
004C   0009           00123         RETFIE                                                                                          
                                                                            ;*
                      00124 ;-------------------------------------------------------------------------------;*
                      00125 ;*********************************************************************************
                      00126 
                      00127 ;*******************************CODIGO PRINCIPAL**********************************
                      00128 ;------------------------inicializacion de registros SFR------------------------;*
004D                  00129 MAIN                                                                                                    
                                                                            ;*
004D   1683 1303      00130         BANKSEL         OPTION_REG                                                                      
                                                                    ;*
004F   3001           00131         MOVLW           0X01                                                                            
                                                                    ;*
0050   0081           00132         MOVWF           OPTION_REG              ;SE LE ASIGNA EL PRESCALADOR 1:4 AL TMR0                
                            ;*
                      00133                                                                 ;Y QUE FUNCIONE COMO TEMPORIZADOR Y SE A
                            CTIVA   ;*
                      00134                                                                 ;LAS RESISTENCIAS DE PULLUP DEL PORTB   
                                            ;*
0051   3088           00135         MOVLW           0X88                                                                            
                                                                    ;*
0052   008B           00136         MOVWF           INTCON                  ;HABILITA INTERRUP. POR CAMBIO DE ESTADO PORTB  ;*
0053   0187           00137         CLRF            TRISC                                                                           
                                                                    ;*
0054   0188           00138         CLRF            TRISD                                                                           
                                                                    ;*
0055   0189           00139         CLRF            TRISE                                                                           
                                                                    ;*
0056   1683 1703      00140         BANKSEL         ANSEL                                                                           
                                                                    ;*
0058   0188           00141         CLRF            ANSEL                   ; configura puertos con entradas digitales              
MPASM 5.82                    EJERCICIO1.ASM   5-31-2019  16:07:55         PAGE  6


LOC  OBJECT CODE     LINE SOURCE TEXT
  VALUE

                            ;*
0059   0189           00142         CLRF            ANSELH                  ; configura puertos con entradas digitales              
                            ;*
005A   1283 1303      00143         BANKSEL         PORTB                                                                           
                                                                    ;*
005C   0886           00144         MOVF            PORTB,F                                                                         
                                                                    ;*
005D   0187           00145         CLRF            PORTC                                                                           
                                                                    ;*
005E   0188           00146         CLRF            PORTD                                                                           
                                                                    ;*
005F   0189           00147         CLRF            PORTE                                                                           
                                                                    ;*
0060   1683 1303      00148         BANKSEL         IOCB                                                                            
                                                                    ;*
0062   3007           00149         MOVLW           .7                                                                              
                                                                            ;*
0063   0096           00150         MOVWF           IOCB                                                                            
                                                                    ;*
0064   1283           00151         BCF                     STATUS,RP0              ;regresa al banco cero                          
                                                    ;*
                      00152 ;--------------------------inicializacion de variables--------------------------;*
0065   3001           00153         MOVLW           .1                                                                              
                                                                            ;*
0066   00A1           00154         MOVWF           columna                                                                         
                                                                    ;*
                      00155 ;---------------------------------lazo infinito---------------------------------;*
                      00156 ;Si PORTB=0xFF entonces ningun switch esta activado y no hace nada                              ;*
                      00157 ;Sino verfica cual bit esta en cero y salta a la subrutina correspondiente              ;*
0067                  00158 LOOP                                                                                                    
                                                                            ;*
0067   3008           00159         MOVLW           0X08                                                                            
                                                                    ;*
0068   00A3           00160         MOVWF           ocho                                                                            
                                                                    ;*
0069   30FF           00161         MOVLW           0XFF                    ;W=255                                                  
                                                            ;*
006A   0606           00162         XORWF           PORTB,W                 ;operacion xor entre PORTB y 255 si son iguales ;*
                      00163                                                                 ;la bandera Z se activa                 
                                                            ;*
006B   1903           00164         BTFSC           STATUS,Z                                                                        
                                                                    ;*
006C   0187           00165         CLRF            PORTC                   ;Apaga la matriz                                        
                                                    ;*
006D   1903           00166         BTFSC           STATUS,Z                ;y regresa al LOOP                                      
                                                    ;*
006E   2???           00167         GOTO            LOOP                                                                            
                                                                    ;*
                      00168                                                                                                         
                                                                                    ;*
006F   1C06           00169         BTFSS           PORTB,0                                                                         
                                                                    ;*
0070   2???           00170         GOTO            MOV1                                                                            
MPASM 5.82                    EJERCICIO1.ASM   5-31-2019  16:07:55         PAGE  7


LOC  OBJECT CODE     LINE SOURCE TEXT
  VALUE

                                                                    ;*
0071   1C86           00171         BTFSS           PORTB,1                                                                         
                                                                    ;*
0072   2???           00172         GOTO            MOV4                                                                            
                                                                    ;*
0073   1D06           00173         BTFSS           PORTB,2                                                                         
                                                                    ;*
0074   2???           00174         GOTO            MUSIC1                                                                          
                                                                    ;*
0075   2???           00175         GOTO            LOOP                                                                            
                                                                    ;*
                      00176 ;-------------------------------------------------------------------------------;*
                      00177 ;*********************************************************************************
                      00178 
                      00179 ;***********************************SUBRUTINAS************************************
                      00180 ;-----------------------------SUBRUTINAS DE RETARDOS----------------------------;*
                      00181 ;----------------------------------retardo 1 ms---------------------------------;*
0076                  00182 delay1ms                                                                                                
                                                                            ;*
0076   30F9           00183         MOVLW           .249                                                                            
                                                                    ;*
0077   00A5           00184         MOVWF           d1                                                                              
                                                                            ;*
0078                  00185 loop1ms                                                                                                 
                                                                            ;*
0078   0000           00186         NOP                                                                                             
                                                                                    ;*
0079   0BA5           00187         DECFSZ          d1,F                                                                            
                                                                    ;*
007A   2???           00188         GOTO            loop1ms                                                                         
                                                                    ;*
007B   0008           00189         RETURN                                                                                          
                                                                            ;*
                      00190 ;-------------------------------retardo 1 segundo-------------------------------;*
007C                  00191 delay1seg                                                                                               
                                                                            ;*
007C   3007           00192         movlw   0x07                                                                                    
                                                                    ;*
007D   00A5           00193         movwf   d1                                                                                      
                                                                            ;*
007E   302F           00194         movlw   0x2F                                                                                    
                                                                    ;*
007F   00A6           00195         movwf   d2                                                                                      
                                                                            ;*
0080   3003           00196         movlw   0x03                                                                                    
                                                                    ;*
0081   00A7           00197         movwf   d3                                                                                      
                                                                            ;*
0082                  00198 delay_1seg_0                                                                                            
                                                                    ;*
0082   0BA5           00199         decfsz  d1, f                                                                                   
                                                                    ;*
0083   2???           00200         goto    $+2                                                                                     
MPASM 5.82                    EJERCICIO1.ASM   5-31-2019  16:07:55         PAGE  8


LOC  OBJECT CODE     LINE SOURCE TEXT
  VALUE

                                                                            ;*
0084   0BA6           00201         decfsz  d2, f                                                                                   
                                                                    ;*
0085   2???           00202         goto    $+2                                                                                     
                                                                            ;*
0086   0BA7           00203         decfsz  d3, f                                                                                   
                                                                    ;*
0087   2???           00204         goto    delay_1seg_0                                                                            
                                                            ;*
0088   2???           00205         goto    $+1                                                                                     
                                                                            ;*
0089   2???           00206         goto    $+1                                                                                     
                                                                            ;*
008A   2???           00207         goto    $+1                                                                                     
                                                                            ;*
008B   0008           00208         return                                                                                          
                                                                            ;*
                      00209 ;------------------------------SUBRUTINAS MUSICALES-----------------------------;*
                      00210 ;-------------------------------------nota do-----------------------------------;*
008C                  00211 DO                                                                                                      
                                                                                    ;*
008C   3011           00212         MOVLW   0X11                                                                                    
                                                                    ;*
008D   0081           00213         MOVWF   TMR0                                                                                    
                                                                    ;*
008E   00A0           00214         MOVWF   tempTMR0                                                                                
                                                                    ;*
008F   0008           00215         RETURN                                                                                          
                                                                            ;*
                      00216 ;-------------------------------------nota re-----------------------------------;*
0090                  00217 RE                                                                                                      
                                                                                    ;*
0090   302C           00218         MOVLW   0X2C                                                                                    
                                                                    ;*
0091   0081           00219         MOVWF   TMR0                                                                                    
                                                                    ;*
0092   00A0           00220         MOVWF   tempTMR0                                                                                
                                                                    ;*
0093   0008           00221         RETURN                                                                                          
                                                                            ;*
                      00222 ;-------------------------------------nota mi-----------------------------------;*
0094                  00223 MI                                                                                                      
                                                                                    ;*
0094   3042           00224         MOVLW   0X42                                                                                    
                                                                    ;*
0095   0081           00225         MOVWF   TMR0                                                                                    
                                                                    ;*
0096   00A0           00226         MOVWF   tempTMR0                                                                                
                                                                    ;*
0097   0008           00227         RETURN                                                                                          
                                                                            ;*
                      00228 ;-------------------------------------nota fa-----------------------------------;*
0098                  00229 FA                                                                                                      
MPASM 5.82                    EJERCICIO1.ASM   5-31-2019  16:07:55         PAGE  9


LOC  OBJECT CODE     LINE SOURCE TEXT
  VALUE

                                                                                    ;*
0098   304D           00230         MOVLW   0X4D                                                                                    
                                                                    ;*
0099   0081           00231         MOVWF   TMR0                                                                                    
                                                                    ;*
009A   00A0           00232         MOVWF   tempTMR0                                                                                
                                                                    ;*
009B   0008           00233         RETURN                                                                                          
                                                                            ;*
                      00234 ;------------------------------------nota sol-----------------------------------;*
009C                  00235 SOL                                                                                                     
                                                                                    ;*
009C   3060           00236         MOVLW   0X60                                                                                    
                                                                    ;*
009D   0081           00237         MOVWF   TMR0                                                                                    
                                                                    ;*
009E   00A0           00238         MOVWF   tempTMR0                                                                                
                                                                    ;*
009F   0008           00239         RETURN                                                                                          
                                                                            ;*
                      00240 ;-------------------------------------nota la-----------------------------------;*
00A0                  00241 LA                                                                                                      
                                                                                    ;*
00A0   3072           00242         MOVLW   0X72                                                                                    
                                                                    ;*
00A1   0081           00243         MOVWF   TMR0                                                                                    
                                                                    ;*
00A2   00A0           00244         MOVWF   tempTMR0                                                                                
                                                                    ;*
00A3   0008           00245         RETURN                                                                                          
                                                                            ;*
                      00246 ;-------------------------------------nota si-----------------------------------;*
00A4                  00247 SI                                                                                                      
                                                                                    ;*
00A4   3082           00248         MOVLW   0X82                                                                                    
                                                                    ;*
00A5   0081           00249         MOVWF   TMR0                                                                                    
                                                                    ;*
00A6   00A0           00250         MOVWF   tempTMR0                                                                                
                                                                    ;*
00A7   0008           00251         RETURN                                                                                          
                                                                            ;*
                      00252 ;----------------------------------nota do agudo--------------------------------;*
00A8                  00253 do                                                                                                      
                                                                                    ;*
00A8   3088           00254         MOVLW   0X88                                                                                    
                                                                    ;*
00A9   0081           00255         MOVWF   TMR0                                                                                    
                                                                    ;*
00AA   00A0           00256         MOVWF   tempTMR0                                                                                
                                                                    ;*
00AB   0008           00257         RETURN                                                                                          
                                                                            ;*
MPASM 5.82                    EJERCICIO1.ASM   5-31-2019  16:07:55         PAGE 10


LOC  OBJECT CODE     LINE SOURCE TEXT
  VALUE

                      00258 ;-----------------------------SUBRUTINAS PARA MATRIZ----------------------------;*
                      00259 ;--------------------------------muñeco saludando-------------------------------;*
                      00260 ;Realiza dos fotogramas o  imagenes secuenciales                                                        
                                    ;*
00AC                  00261 MOV1                                                                                                    
                                                                            ;*
00AC   01A2           00262         CLRF            desp                    ;desp = 0 -> primer bloque de la tabla                  
                            ;*
00AD   01A4           00263         CLRF            temp                                                                            
                                                                    ;*
                      00264 ;Fotograma 1 (mano horizontal)                                                                          
                                                    ;*
00AE                  00265 MOV1_1                                                                                                  
                                                                            ;*
00AE   0821           00266         MOVF            columna,W                                                                       
                                                                    ;*
00AF   0087           00267         MOVWF           PORTC                   ;enciende la columna de la derecha                      
                                    ;*
00B0   0822           00268         MOVF            desp,W                  ;busca el valor en la tabla                             
                                            ;*
00B1   2???           00269         CALL            IMAGENES                                                                        
                                                                    ;*
00B2   0088           00270         MOVWF           PORTD                   ;enciende las filas dependiendo del valor               
                            ;*
00B3   2???           00271         CALL            delay1ms                                                                        
                                                                    ;*
00B4   0AA2           00272         INCF            desp,f                  ;incrementar para obtener el sgt valor de la    ;*
                      00273                                                                 ;tabla                                  
                                                                            ;*
00B5   1003           00274         BCF                     STATUS,C                                                                
                                                                            ;*
00B6   0DA1           00275         RLF                     columna,f               ;selecciona la siguiente columna                
                                            ;*
00B7   0803           00276         MOVF            STATUS,W                                                                        
                                                                    ;*
00B8   3901           00277         ANDLW           0x01                                                                            
                                                                    ;*
00B9   04A1           00278         IORWF           columna,F                                                                       
                                                                    ;*
00BA   0BA3           00279         DECFSZ          ocho,F                  ;realiza 8 iteraciones para escoger unicamente  ;*
00BB   2???           00280         GOTO            MOV1_1                  ;los valores correspondientes a las 8 columnas  ;*
                      00281                                                                                                         
                                                                                    ;*
00BC   3008           00282         MOVLW           .8                                                                              
                                                                            ;*
00BD   00A3           00283         MOVWF           ocho                                                                            
                                                                    ;*
00BE   02A2           00284         SUBWF           desp,F                  ;resta los 8 desplazamientos anteriores                 
                            ;*
00BF   0BA4           00285         DECFSZ          temp,F                  ;y repite el proceso 255 veces                          
                                    ;*
00C0   2???           00286         GOTO            MOV1_1                                                                          
                                                                    ;*
MPASM 5.82                    EJERCICIO1.ASM   5-31-2019  16:07:55         PAGE 11


LOC  OBJECT CODE     LINE SOURCE TEXT
  VALUE

                      00287                                                                                                         
                                                                                    ;*
                      00288 ;Fotograma 2 (mano levantada)                                                                           
                                                    ;*
00C1   01A4           00289         CLRF            temp                                                                            
                                                                    ;*
00C2   3008           00290         MOVLW           .8                                                                              
                                                                            ;*
00C3   00A2           00291         MOVWF           desp                    ;desp = 8 -> segundo bloque de la tabla                 
                            ;*
00C4   00A3           00292         MOVWF           ocho                                                                            
                                                                    ;*
00C5                  00293 MOV1_2                                                                                                  
                                                                            ;*
00C5   0821           00294         MOVF            columna,W                                                                       
                                                                    ;*
00C6   0087           00295         MOVWF           PORTC                                                                           
                                                                    ;*
00C7   0822           00296         MOVF            desp,W                                                                          
                                                                    ;*
00C8   2???           00297         CALL            IMAGENES                                                                        
                                                                    ;*
00C9   0088           00298         MOVWF           PORTD                                                                           
                                                                    ;*
00CA   2???           00299         CALL            delay1ms                                                                        
                                                                    ;*
00CB   0AA2           00300         INCF            desp,f                                                                          
                                                                    ;*
00CC   1003           00301         BCF                     STATUS,C                                                                
                                                                            ;*
00CD   0DA1           00302         RLF                     columna,f                                                               
                                                                            ;*
00CE   0803           00303         MOVF            STATUS,W                                                                        
                                                                    ;*
00CF   3901           00304         ANDLW           0x01                                                                            
                                                                    ;*
00D0   04A1           00305         IORWF           columna,F                                                                       
                                                                    ;*
00D1   0BA3           00306         DECFSZ          ocho,F                                                                          
                                                                    ;*
00D2   2???           00307         GOTO            MOV1_2                                                                          
                                                                    ;*
                      00308                                                                                                         
                                                                                    ;*
00D3   3008           00309         MOVLW           .8                                                                              
                                                                            ;*
00D4   00A3           00310         MOVWF           ocho                                                                            
                                                                    ;*
00D5   02A2           00311         SUBWF           desp,F                                                                          
                                                                    ;*
00D6   0BA4           00312         DECFSZ          temp,F                                                                          
                                                                    ;*
00D7   2???           00313         GOTO            MOV1_2                                                                          
MPASM 5.82                    EJERCICIO1.ASM   5-31-2019  16:07:55         PAGE 12


LOC  OBJECT CODE     LINE SOURCE TEXT
  VALUE

                                                                    ;*
00D8   2???           00314         GOTO            LOOP                                                                            
                                                                    ;*
                      00315 ;----------------------------Desplazamiento de letras---------------------------;*
00D9                  00316 MOV4                                                                                                    
                                                                            ;*
00D9   3040           00317         MOVLW           0X40                                                                            
                                                                    ;*
00DA   00A4           00318         MOVWF           temp                                                                            
                                                                    ;*
00DB   3028           00319         MOVLW           .40                                                                             
                                                                            ;*
00DC   00A2           00320         MOVWF           desp                    ;desp = 40 -> sexto bloque de la tabla                  
                            ;*
                      00321 ;Fotograma base (Flechas)                                                                               
                                                            ;*
00DD                  00322 MOV4_1                                                                                                  
                                                                            ;*
00DD   0821           00323         MOVF            columna,W                                                                       
                                                                    ;*
00DE   0087           00324         MOVWF           PORTC                                                                           
                                                                    ;*
00DF   0822           00325         MOVF            desp,W                                                                          
                                                                    ;*
00E0   2???           00326         CALL            IMAGENES                                                                        
                                                                    ;*
00E1   0088           00327         MOVWF           PORTD                                                                           
                                                                    ;*
00E2   2???           00328         CALL            delay1ms                                                                        
                                                                    ;*
00E3   0AA2           00329         INCF            desp,f                                                                          
                                                                    ;*
00E4   1003           00330         BCF                     STATUS,C                                                                
                                                                            ;*
00E5   0DA1           00331         RLF                     columna,f                                                               
                                                                            ;*
00E6   0803           00332         MOVF            STATUS,W                                                                        
                                                                    ;*
00E7   3901           00333         ANDLW           0x01                                                                            
                                                                    ;*
00E8   04A1           00334         IORWF           columna,F                                                                       
                                                                    ;*
00E9   0BA3           00335         DECFSZ          ocho,F                                                                          
                                                                    ;*
00EA   2???           00336         GOTO            MOV4_1                                                                          
                                                                    ;*
                      00337                                                                                                         
                                                                                    ;*
00EB   3008           00338         MOVLW           .8                                                                              
                                                                            ;*
00EC   00A3           00339         MOVWF           ocho                                                                            
                                                                    ;*
00ED   02A2           00340         SUBWF           desp,F                                                                          
MPASM 5.82                    EJERCICIO1.ASM   5-31-2019  16:07:55         PAGE 13


LOC  OBJECT CODE     LINE SOURCE TEXT
  VALUE

                                                                    ;*
00EE   0BA4           00341         DECFSZ          temp,F                                                                          
                                                                    ;*
00EF   2???           00342         GOTO            MOV4_1                                                                          
                                                                    ;*
                      00343                                                                                                         
                                                                                    ;*
                      00344 ;Desplazamiento de las letras                                                                           
                                                    ;*
00F0   3040           00345         MOVLW           0X40                                                                            
                                                                    ;*
00F1   00A4           00346         MOVWF           temp                                                                            
                                                                    ;*
00F2   03A2           00347         DECF            desp,F                                                                          
                                                                    ;*
00F3   300F           00348         MOVLW           .15                                                                             
                                                                            ;*
00F4   0622           00349         XORWF           desp,W                                                                          
                                                                    ;*
00F5   1D03           00350         BTFSS           STATUS,Z                                                                        
                                                                    ;*
00F6   2???           00351         GOTO            MOV4_1                                                                          
                                                                    ;*
00F7   2???           00352         GOTO            LOOP                                                                            
                                                                    ;*
                      00353 ;------------------------------SUBRUTINAS PARA AUDIO----------------------------;*
                      00354 ;----------------------------------escala musical-------------------------------;*
00F8                  00355 MUSIC1                                                                                                  
                                                                            ;*
00F8   168B           00356         BSF                     INTCON,T0IE                                                             
                                                                            ;*
00F9   2???           00357         CALL            DO                                                                              
                                                                            ;*
00FA   2???           00358         CALL            delay1seg                                                                       
                                                                    ;*
00FB   2???           00359         CALL            RE                                                                              
                                                                            ;*
00FC   2???           00360         CALL            delay1seg                                                                       
                                                                    ;*
00FD   2???           00361         CALL            MI                                                                              
                                                                            ;*
00FE   2???           00362         CALL            delay1seg                                                                       
                                                                    ;*
00FF   2???           00363         CALL            FA                                                                              
                                                                            ;*
0100   2???           00364         CALL            delay1seg                                                                       
                                                                    ;*
0101   2???           00365         CALL            SOL                                                                             
                                                                            ;*
0102   2???           00366         CALL            delay1seg                                                                       
                                                                    ;*
0103   2???           00367         CALL            LA                                                                              
                                                                            ;*
MPASM 5.82                    EJERCICIO1.ASM   5-31-2019  16:07:55         PAGE 14


LOC  OBJECT CODE     LINE SOURCE TEXT
  VALUE

0104   2???           00368         CALL            delay1seg                                                                       
                                                                    ;*
0105   2???           00369         CALL            SI                                                                              
                                                                            ;*
0106   2???           00370         CALL            delay1seg                                                                       
                                                                    ;*
0107   2???           00371         CALL            do                                                                              
                                                                            ;*
0108   2???           00372         CALL            delay1seg                                                                       
                                                                    ;*
                      00373                                                                                                         
                                                                                    ;*
0109   128B           00374         BCF                     INTCON,T0IE                                                             
                                                                            ;*
010A   2???           00375         GOTO            LOOP                                                                            
                                                                    ;*
                      00376 ;-------------------------------------------------------------------------------;*
                      00377 ;*********************************************************************************
3FF4                  00378         END                                     ; fin del programa
MPASM 5.82                    EJERCICIO1.ASM   5-31-2019  16:07:55         PAGE 15


SYMBOL TABLE
  LABEL                             VALUE 

ABDEN                             00000000
ABDOVF                            00000007
ACKDT                             00000005
ACKEN                             00000004
ACKSTAT                           00000006
ADCON0                            0000001F
ADCON1                            0000009F
ADCS0                             00000006
ADCS1                             00000007
ADDEN                             00000003
ADFM                              00000007
ADIE                              00000006
ADIF                              00000006
ADON                              00000000
ADRESH                            0000001E
ADRESL                            0000009E
ANS0                              00000000
ANS1                              00000001
ANS10                             00000002
ANS11                             00000003
ANS12                             00000004
ANS13                             00000005
ANS2                              00000002
ANS3                              00000003
ANS4                              00000004
ANS5                              00000005
ANS6                              00000006
ANS7                              00000007
ANS8                              00000000
ANS9                              00000001
ANSEL                             00000188
ANSELH                            00000189
BAUDCTL                           00000187
BCLIE                             00000003
BCLIF                             00000003
BF                                00000000
BRG0                              00000000
BRG1                              00000001
BRG10                             00000002
BRG11                             00000003
BRG12                             00000004
BRG13                             00000005
BRG14                             00000006
BRG15                             00000007
BRG16                             00000003
BRG2                              00000002
BRG3                              00000003
BRG4                              00000004
BRG5                              00000005
BRG6                              00000006
BRG7                              00000007
BRG8                              00000000
BRG9                              00000001
MPASM 5.82                    EJERCICIO1.ASM   5-31-2019  16:07:55         PAGE 16


SYMBOL TABLE
  LABEL                             VALUE 

BRGH                              00000002
C                                 00000000
C1CH0                             00000000
C1CH1                             00000001
C1IE                              00000005
C1IF                              00000005
C1OE                              00000005
C1ON                              00000007
C1OUT                             00000006
C1POL                             00000004
C1R                               00000002
C1RSEL                            00000005
C1SEN                             00000005
C2CH0                             00000000
C2CH1                             00000001
C2IE                              00000006
C2IF                              00000006
C2OE                              00000005
C2ON                              00000007
C2OUT                             00000006
C2POL                             00000004
C2R                               00000002
C2REN                             00000004
C2RSEL                            00000004
C2SYNC                            00000000
CCP1CON                           00000017
CCP1IE                            00000002
CCP1IF                            00000002
CCP1M0                            00000000
CCP1M1                            00000001
CCP1M2                            00000002
CCP1M3                            00000003
CCP1X                             00000005
CCP1Y                             00000004
CCP2CON                           0000001D
CCP2IE                            00000000
CCP2IF                            00000000
CCP2M0                            00000000
CCP2M1                            00000001
CCP2M2                            00000002
CCP2M3                            00000003
CCP2X                             00000005
CCP2Y                             00000004
CCPR1                             00000015
CCPR1H                            00000016
CCPR1L                            00000015
CCPR2                             0000001B
CCPR2H                            0000001C
CCPR2L                            0000001B
CHS0                              00000002
CHS1                              00000003
CHS2                              00000004
CHS3                              00000005
MPASM 5.82                    EJERCICIO1.ASM   5-31-2019  16:07:55         PAGE 17


SYMBOL TABLE
  LABEL                             VALUE 

CICLO                             00000040
CKE                               00000006
CKP                               00000004
CM1CON0                           00000107
CM2CON0                           00000108
CM2CON1                           00000109
CREN                              00000004
CSRC                              00000007
D                                 00000005
DATA_ADDRESS                      00000005
DC                                00000001
DC1B0                             00000004
DC1B1                             00000005
DC2B0                             00000004
DC2B1                             00000005
DO                                0000008C
D_A                               00000005
D_NOT_A                           00000005
ECCPAS                            0000009C
ECCPAS0                           00000004
ECCPAS1                           00000005
ECCPAS2                           00000006
ECCPASE                           00000007
EEADR                             0000010D
EEADRH                            0000010F
EECON1                            0000018C
EECON2                            0000018D
EEDAT                             0000010C
EEDATA                            0000010C
EEDATH                            0000010E
EEIE                              00000004
EEIF                              00000004
EEPGD                             00000007
F                                 00000001
FA                                00000098
FERR                              00000002
FSR                               00000004
FVREN                             00000000
GCEN                              00000007
GIE                               00000007
GO                                00000001
GO_DONE                           00000001
GO_NOT_DONE                       00000001
HTS                               00000002
I2C_DATA                          00000005
I2C_READ                          00000002
I2C_START                         00000003
I2C_STOP                          00000004
IMAGENES                          00000005
INDF                              00000000
INTCON                            0000000B
INTE                              00000004
INTEDG                            00000006
MPASM 5.82                    EJERCICIO1.ASM   5-31-2019  16:07:55         PAGE 18


SYMBOL TABLE
  LABEL                             VALUE 

INTER                             00000036
INTF                              00000001
INTRB                             0000003B
INTTMR0                           00000042
IOCB                              00000096
IOCB0                             00000000
IOCB1                             00000001
IOCB2                             00000002
IOCB3                             00000003
IOCB4                             00000004
IOCB5                             00000005
IOCB6                             00000006
IOCB7                             00000007
IRCF0                             00000004
IRCF1                             00000005
IRCF2                             00000006
IRP                               00000007
LA                                000000A0
LOOP                              00000067
LTS                               00000001
MAIN                              0000004D
MC1OUT                            00000007
MC2OUT                            00000006
MI                                00000094
MOV1                              000000AC
MOV1_1                            000000AE
MOV1_2                            000000C5
MOV4                              000000D9
MOV4_1                            000000DD
MSK                               00000093
MSK0                              00000000
MSK1                              00000001
MSK2                              00000002
MSK3                              00000003
MSK4                              00000004
MSK5                              00000005
MSK6                              00000006
MSK7                              00000007
MUSIC1                            000000F8
NOT_A                             00000005
NOT_ADDRESS                       00000005
NOT_BO                            00000000
NOT_BOR                           00000000
NOT_DONE                          00000001
NOT_PD                            00000003
NOT_POR                           00000001
NOT_RBPU                          00000007
NOT_RC8                           00000006
NOT_T1SYNC                        00000002
NOT_TO                            00000004
NOT_TX8                           00000006
NOT_W                             00000002
NOT_WRITE                         00000002
MPASM 5.82                    EJERCICIO1.ASM   5-31-2019  16:07:55         PAGE 19


SYMBOL TABLE
  LABEL                             VALUE 

OERR                              00000001
OPTION_REG                        00000081
OSCCON                            0000008F
OSCTUNE                           00000090
OSFIE                             00000007
OSFIF                             00000007
OSTS                              00000003
P                                 00000004
P1M0                              00000006
P1M1                              00000007
PCL                               00000002
PCLATH                            0000000A
PCON                              0000008E
PDC0                              00000000
PDC1                              00000001
PDC2                              00000002
PDC3                              00000003
PDC4                              00000004
PDC5                              00000005
PDC6                              00000006
PEIE                              00000006
PEN                               00000002
PIE1                              0000008C
PIE2                              0000008D
PIR1                              0000000C
PIR2                              0000000D
PORTA                             00000005
PORTB                             00000006
PORTC                             00000007
PORTD                             00000008
PORTE                             00000009
PR2                               00000092
PRSEN                             00000007
PS0                               00000000
PS1                               00000001
PS2                               00000002
PSA                               00000003
PSSAC0                            00000002
PSSAC1                            00000003
PSSBD0                            00000000
PSSBD1                            00000001
PSTRCON                           0000009D
PULSR                             00000002
PULSS                             00000003
PWM1CON                           0000009B
R                                 00000002
RA0                               00000000
RA1                               00000001
RA2                               00000002
RA3                               00000003
RA4                               00000004
RA5                               00000005
RA6                               00000006
MPASM 5.82                    EJERCICIO1.ASM   5-31-2019  16:07:55         PAGE 20


SYMBOL TABLE
  LABEL                             VALUE 

RA7                               00000007
RB0                               00000000
RB1                               00000001
RB2                               00000002
RB3                               00000003
RB4                               00000004
RB5                               00000005
RB6                               00000006
RB7                               00000007
RBIE                              00000003
RBIF                              00000000
RC0                               00000000
RC1                               00000001
RC2                               00000002
RC3                               00000003
RC4                               00000004
RC5                               00000005
RC6                               00000006
RC7                               00000007
RC8_9                             00000006
RC9                               00000006
RCD8                              00000000
RCEN                              00000003
RCIDL                             00000006
RCIE                              00000005
RCIF                              00000005
RCREG                             0000001A
RCSTA                             00000018
RD                                00000000
RD0                               00000000
RD1                               00000001
RD2                               00000002
RD3                               00000003
RD4                               00000004
RD5                               00000005
RD6                               00000006
RD7                               00000007
RE                                00000090
RE0                               00000000
RE1                               00000001
RE2                               00000002
RE3                               00000003
READ_WRITE                        00000002
RP0                               00000005
RP1                               00000006
RSEN                              00000001
RX9                               00000006
RX9D                              00000000
R_NOT_W                           00000002
R_W                               00000002
S                                 00000003
SBOREN                            00000004
SCKP                              00000004
MPASM 5.82                    EJERCICIO1.ASM   5-31-2019  16:07:55         PAGE 21


SYMBOL TABLE
  LABEL                             VALUE 

SCS                               00000000
SEN                               00000000
SENDB                             00000003
SI                                000000A4
SMP                               00000007
SOL                               0000009C
SPBRG                             00000099
SPBRGH                            0000009A
SPEN                              00000007
SR0                               00000006
SR1                               00000007
SRCON                             00000185
SREN                              00000005
SSPADD                            00000093
SSPBUF                            00000013
SSPCON                            00000014
SSPCON2                           00000091
SSPEN                             00000005
SSPIE                             00000003
SSPIF                             00000003
SSPM0                             00000000
SSPM1                             00000001
SSPM2                             00000002
SSPM3                             00000003
SSPMSK                            00000093
SSPOV                             00000006
SSPSTAT                           00000094
STATUS                            00000003
STRA                              00000000
STRB                              00000001
STRC                              00000002
STRD                              00000003
STRSYNC                           00000004
SWDTEN                            00000000
SYNC                              00000004
T0CS                              00000005
T0IE                              00000005
T0IF                              00000002
T0SE                              00000004
T1CKPS0                           00000004
T1CKPS1                           00000005
T1CON                             00000010
T1GINV                            00000007
T1GIV                             00000007
T1GSS                             00000001
T1INSYNC                          00000002
T1OSCEN                           00000003
T1SYNC                            00000002
T2CKPS0                           00000000
T2CKPS1                           00000001
T2CON                             00000012
TMR0                              00000001
TMR0IE                            00000005
MPASM 5.82                    EJERCICIO1.ASM   5-31-2019  16:07:55         PAGE 22


SYMBOL TABLE
  LABEL                             VALUE 

TMR0IF                            00000002
TMR1                              0000000E
TMR1CS                            00000001
TMR1GE                            00000006
TMR1H                             0000000F
TMR1IE                            00000000
TMR1IF                            00000000
TMR1L                             0000000E
TMR1ON                            00000000
TMR2                              00000011
TMR2IE                            00000001
TMR2IF                            00000001
TMR2ON                            00000002
TOUTPS0                           00000003
TOUTPS1                           00000004
TOUTPS2                           00000005
TOUTPS3                           00000006
TRISA                             00000085
TRISA0                            00000000
TRISA1                            00000001
TRISA2                            00000002
TRISA3                            00000003
TRISA4                            00000004
TRISA5                            00000005
TRISA6                            00000006
TRISA7                            00000007
TRISB                             00000086
TRISB0                            00000000
TRISB1                            00000001
TRISB2                            00000002
TRISB3                            00000003
TRISB4                            00000004
TRISB5                            00000005
TRISB6                            00000006
TRISB7                            00000007
TRISC                             00000087
TRISC0                            00000000
TRISC1                            00000001
TRISC2                            00000002
TRISC3                            00000003
TRISC4                            00000004
TRISC5                            00000005
TRISC6                            00000006
TRISC7                            00000007
TRISD                             00000088
TRISD0                            00000000
TRISD1                            00000001
TRISD2                            00000002
TRISD3                            00000003
TRISD4                            00000004
TRISD5                            00000005
TRISD6                            00000006
TRISD7                            00000007
MPASM 5.82                    EJERCICIO1.ASM   5-31-2019  16:07:55         PAGE 23


SYMBOL TABLE
  LABEL                             VALUE 

TRISE                             00000089
TRISE0                            00000000
TRISE1                            00000001
TRISE2                            00000002
TRISE3                            00000003
TRMT                              00000001
TUN0                              00000000
TUN1                              00000001
TUN2                              00000002
TUN3                              00000003
TUN4                              00000004
TX8_9                             00000006
TX9                               00000006
TX9D                              00000000
TXD8                              00000000
TXEN                              00000005
TXIE                              00000004
TXIF                              00000004
TXREG                             00000019
TXSTA                             00000098
UA                                00000001
ULPWUE                            00000005
ULPWUIE                           00000002
ULPWUIF                           00000002
VCFG0                             00000004
VCFG1                             00000005
VR0                               00000000
VR1                               00000001
VR2                               00000002
VR3                               00000003
VRCON                             00000097
VREN                              00000007
VROE                              00000006
VRR                               00000005
VRSS                              00000004
W                                 00000000
WCOL                              00000007
WDTCON                            00000105
WDTPS0                            00000001
WDTPS1                            00000002
WDTPS2                            00000003
WDTPS3                            00000004
WPUB                              00000095
WPUB0                             00000000
WPUB1                             00000001
WPUB2                             00000002
WPUB3                             00000003
WPUB4                             00000004
WPUB5                             00000005
WPUB6                             00000006
WPUB7                             00000007
WR                                00000001
WREN                              00000002
MPASM 5.82                    EJERCICIO1.ASM   5-31-2019  16:07:55         PAGE 24


SYMBOL TABLE
  LABEL                             VALUE 

WRERR                             00000003
WUE                               00000001
Z                                 00000002
_.org_1_0083                      00000083
_.org_1_0085                      00000085
_.org_1_0088                      00000088
_.org_1_0089                      00000089
_.org_1_008A                      0000008A
_BOR21V                           00003EFF
_BOR40V                           00003FFF
_BOR4V_BOR21V                     00003EFF
_BOR4V_BOR40V                     00003FFF
_BOREN_NSLEEP                     00003EFF
_BOREN_OFF                        00003CFF
_BOREN_ON                         00003FFF
_BOREN_SBODEN                     00003DFF
_BOR_NSLEEP                       00003EFF
_BOR_OFF                          00003CFF
_BOR_ON                           00003FFF
_BOR_SBODEN                       00003DFF
_CONFIG1                          00002007
_CONFIG2                          00002008
_CPD_OFF                          00003FFF
_CPD_ON                           00003F7F
_CP_OFF                           00003FFF
_CP_ON                            00003FBF
_DEBUG_OFF                        00003FFF
_DEBUG_ON                         00001FFF
_DEVID1                           00002006
_EC_OSC                           00003FFB
_EXTRC                            00003FFF
_EXTRCIO                          00003FFE
_EXTRC_OSC_CLKOUT                 00003FFF
_EXTRC_OSC_NOCLKOUT               00003FFE
_FCMEN_OFF                        000037FF
_FCMEN_ON                         00003FFF
_FOSC_EC                          00003FFB
_FOSC_EXTRC_CLKOUT                00003FFF
_FOSC_EXTRC_NOCLKOUT              00003FFE
_FOSC_HS                          00003FFA
_FOSC_INTRC_CLKOUT                00003FFD
_FOSC_INTRC_NOCLKOUT              00003FFC
_FOSC_LP                          00003FF8
_FOSC_XT                          00003FF9
_HS_OSC                           00003FFA
_IDLOC0                           00002000
_IDLOC1                           00002001
_IDLOC2                           00002002
_IDLOC3                           00002003
_IESO_OFF                         00003BFF
_IESO_ON                          00003FFF
_INTOSC                           00003FFD
_INTOSCIO                         00003FFC
MPASM 5.82                    EJERCICIO1.ASM   5-31-2019  16:07:55         PAGE 25


SYMBOL TABLE
  LABEL                             VALUE 

_INTRC_OSC_CLKOUT                 00003FFD
_INTRC_OSC_NOCLKOUT               00003FFC
_LP_OSC                           00003FF8
_LVP_OFF                          00002FFF
_LVP_ON                           00003FFF
_MCLRE_OFF                        00003FDF
_MCLRE_ON                         00003FFF
_PWRTE_OFF                        00003FFF
_PWRTE_ON                         00003FEF
_WDTE_OFF                         00003FF7
_WDTE_ON                          00003FFF
_WDT_OFF                          00003FF7
_WDT_ON                           00003FFF
_WRT_1FOURTH                      00003BFF
_WRT_256                          00003DFF
_WRT_HALF                         000039FF
_WRT_OFF                          00003FFF
_XT_OSC                           00003FF9
__16F887                          00000001
columna                           00000021
d1                                00000025
d2                                00000026
d3                                00000027
delay1ms                          00000076
delay1seg                         0000007C
delay_1seg_0                      00000082
desp                              00000022
do                                000000A8
hacer0                            00000049
loop1ms                           00000078
ocho                              00000023
temp                              00000024
tempTMR0                          00000020

Errors   :     0
Warnings :     0 reported,     0 suppressed
Messages :     0 reported,     8 suppressed

