;  LST file generated by mikroListExporter - v.2.0 
; Date/Time: 3/6/2019 14:44:36
;----------------------------------------------

;Address Opcode 	ASM
0x0000	0x2BEE      	GOTO       1006
_Div_16X16_U:
0x0003	0x1283      	BCF        STATUS, 5
0x0004	0x1303      	BCF        STATUS, 6
0x0005	0x01F8      	CLRF       R8
0x0006	0x01F9      	CLRF       R9
0x0007	0x3010      	MOVLW      16
0x0008	0x00FC      	MOVWF      R12
0x0009	0x0D71      	RLF        R1, 0
0x000A	0x0DF8      	RLF        R8, 1
0x000B	0x0DF9      	RLF        R9, 1
0x000C	0x0874      	MOVF       R4, 0
0x000D	0x02F8      	SUBWF      R8, 1
0x000E	0x0875      	MOVF       R5, 0
0x000F	0x1C03      	BTFSS      STATUS, 0
0x0010	0x0F75      	INCFSZ     R5, 0
0x0011	0x02F9      	SUBWF      R9, 1
0x0012	0x1803      	BTFSC      STATUS, 0
0x0013	0x281B      	GOTO       $+8
0x0014	0x0874      	MOVF       R4, 0
0x0015	0x07F8      	ADDWF      R8, 1
0x0016	0x0875      	MOVF       R5, 0
0x0017	0x1803      	BTFSC      STATUS, 0
0x0018	0x0F75      	INCFSZ     R5, 0
0x0019	0x07F9      	ADDWF      R9, 1
0x001A	0x1003      	BCF        STATUS, 0
0x001B	0x0DF0      	RLF        R0, 1
0x001C	0x0DF1      	RLF        R1, 1
0x001D	0x0BFC      	DECFSZ     R12, 1
0x001E	0x2809      	GOTO       $-21
L_end_Div_16X16_U:
0x001F	0x0008      	RETURN
; end of _Div_16X16_U
_Delay_Cyc:
0x0020	0x1283      	BCF        STATUS, 5
0x0021	0x1303      	BCF        STATUS, 6
0x0022	0x03B4      	DECF       FARG_Delay_Cyc_cycles_div_by_10, 1
0x0023	0x03B4      	DECF       FARG_Delay_Cyc_cycles_div_by_10, 1
L_Delay_Cyc13:
0x0024	0x0834      	MOVF       FARG_Delay_Cyc_cycles_div_by_10, 0
0x0025	0x3C00      	SUBLW      0
0x0026	0x1803      	BTFSC      STATUS, 0
0x0027	0x282D      	GOTO       L_Delay_Cyc14
0x0028	0x03B4      	DECF       FARG_Delay_Cyc_cycles_div_by_10, 1
0x0029	0x0000      	NOP
0x002A	0x0000      	NOP
0x002B	0x0000      	NOP
0x002C	0x2824      	GOTO       L_Delay_Cyc13
L_Delay_Cyc14:
0x002D	0x0000      	NOP
0x002E	0x0000      	NOP
0x002F	0x0000      	NOP
0x0030	0x0000      	NOP
0x0031	0x0000      	NOP
L_end_Delay_Cyc:
0x0032	0x0008      	RETURN
; end of _Delay_Cyc
_Get_Fosc_kHz:
0x0033	0x3040      	MOVLW      64
0x0034	0x1283      	BCF        STATUS, 5
0x0035	0x1303      	BCF        STATUS, 6
0x0036	0x00F0      	MOVWF      R0
0x0037	0x301F      	MOVLW      31
0x0038	0x00F1      	MOVWF      R0+1
0x0039	0x01F2      	CLRF       R0+2
0x003A	0x01F3      	CLRF       R0+3
L_end_Get_Fosc_kHz:
0x003B	0x0008      	RETURN
; end of _Get_Fosc_kHz
_Div_32x32_U:
0x003C	0x1283      	BCF        STATUS, 5
0x003D	0x1303      	BCF        STATUS, 6
0x003E	0x01FB      	CLRF       R11
0x003F	0x01FA      	CLRF       R10
0x0040	0x01F9      	CLRF       R9
0x0041	0x01F8      	CLRF       R8
0x0042	0x01A0      	CLRF       ___math_tempb
0x0043	0x0D73      	RLF        R3, 0
0x0044	0x0DF8      	RLF        R8, 1
0x0045	0x0874      	MOVF       R4, 0
0x0046	0x02F8      	SUBWF      R8, 1
0x0047	0x0875      	MOVF       R5, 0
0x0048	0x1C03      	BTFSS      STATUS, 0
0x0049	0x0F75      	INCFSZ     R5, 0
0x004A	0x02F9      	SUBWF      R9, 1
0x004B	0x0876      	MOVF       R6, 0
0x004C	0x1C03      	BTFSS      STATUS, 0
0x004D	0x0F76      	INCFSZ     R6, 0
0x004E	0x02FA      	SUBWF      R10, 1
0x004F	0x0877      	MOVF       R7, 0
0x0050	0x1C03      	BTFSS      STATUS, 0
0x0051	0x0F77      	INCFSZ     R7, 0
0x0052	0x02FB      	SUBWF      R11, 1
0x0053	0x0100      	CLRW
0x0054	0x1C03      	BTFSS      STATUS, 0
0x0055	0x3001      	MOVLW      1
0x0056	0x02A0      	SUBWF      ___math_tempb, 1
0x0057	0x0DF3      	RLF        R3, 1
0x0058	0x3007      	MOVLW      7
0x0059	0x00FC      	MOVWF      R12
LOOPU3232A:
0x005A	0x0D73      	RLF        R3, 0
0x005B	0x0DF8      	RLF        R8, 1
0x005C	0x0DF9      	RLF        R9, 1
0x005D	0x0DFA      	RLF        R10, 1
0x005E	0x0DFB      	RLF        R11, 1
0x005F	0x0DA0      	RLF        ___math_tempb, 1
0x0060	0x0874      	MOVF       R4, 0
0x0061	0x1C73      	BTFSS      R3, 0
0x0062	0x2875      	GOTO       UADD22LA
0x0063	0x02F8      	SUBWF      R8, 1
0x0064	0x0875      	MOVF       R5, 0
0x0065	0x1C03      	BTFSS      STATUS, 0
0x0066	0x0F75      	INCFSZ     R5, 0
0x0067	0x02F9      	SUBWF      R9, 1
0x0068	0x0876      	MOVF       R6, 0
0x0069	0x1C03      	BTFSS      STATUS, 0
0x006A	0x0F76      	INCFSZ     R6, 0
0x006B	0x02FA      	SUBWF      R10, 1
0x006C	0x0877      	MOVF       R7, 0
0x006D	0x1C03      	BTFSS      STATUS, 0
0x006E	0x0F77      	INCFSZ     R7, 0
0x006F	0x02FB      	SUBWF      R11, 1
0x0070	0x0100      	CLRW
0x0071	0x1C03      	BTFSS      STATUS, 0
0x0072	0x3001      	MOVLW      1
0x0073	0x02A0      	SUBWF      ___math_tempb, 1
0x0074	0x2886      	GOTO       UOK22LA
UADD22LA:
0x0075	0x07F8      	ADDWF      R8, 1
0x0076	0x0875      	MOVF       R5, 0
0x0077	0x1803      	BTFSC      STATUS, 0
0x0078	0x0F75      	INCFSZ     R5, 0
0x0079	0x07F9      	ADDWF      R9, 1
0x007A	0x0876      	MOVF       R6, 0
0x007B	0x1803      	BTFSC      STATUS, 0
0x007C	0x0F76      	INCFSZ     R6, 0
0x007D	0x07FA      	ADDWF      R10, 1
0x007E	0x0877      	MOVF       R7, 0
0x007F	0x1803      	BTFSC      STATUS, 0
0x0080	0x0F77      	INCFSZ     R7, 0
0x0081	0x07FB      	ADDWF      R11, 1
0x0082	0x0100      	CLRW
0x0083	0x1803      	BTFSC      STATUS, 0
0x0084	0x3001      	MOVLW      1
0x0085	0x07A0      	ADDWF      ___math_tempb, 1
UOK22LA:
0x0086	0x0DF3      	RLF        R3, 1
0x0087	0x0BFC      	DECFSZ     R12, 1
0x0088	0x285A      	GOTO       LOOPU3232A
0x0089	0x0D72      	RLF        R2, 0
0x008A	0x0DF8      	RLF        R8, 1
0x008B	0x0DF9      	RLF        R9, 1
0x008C	0x0DFA      	RLF        R10, 1
0x008D	0x0DFB      	RLF        R11, 1
0x008E	0x0DA0      	RLF        ___math_tempb, 1
0x008F	0x0874      	MOVF       R4, 0
0x0090	0x1C73      	BTFSS      R3, 0
0x0091	0x28A4      	GOTO       UADD22L8
0x0092	0x02F8      	SUBWF      R8, 1
0x0093	0x0875      	MOVF       R5, 0
0x0094	0x1C03      	BTFSS      STATUS, 0
0x0095	0x0F75      	INCFSZ     R5, 0
0x0096	0x02F9      	SUBWF      R9, 1
0x0097	0x0876      	MOVF       R6, 0
0x0098	0x1C03      	BTFSS      STATUS, 0
0x0099	0x0F76      	INCFSZ     R6, 0
0x009A	0x02FA      	SUBWF      R10, 1
0x009B	0x0877      	MOVF       R7, 0
0x009C	0x1C03      	BTFSS      STATUS, 0
0x009D	0x0F77      	INCFSZ     R7, 0
0x009E	0x02FB      	SUBWF      R11, 1
0x009F	0x0100      	CLRW
0x00A0	0x1C03      	BTFSS      STATUS, 0
0x00A1	0x3001      	MOVLW      1
0x00A2	0x02A0      	SUBWF      ___math_tempb, 1
0x00A3	0x28B5      	GOTO       UOK22L8
UADD22L8:
0x00A4	0x07F8      	ADDWF      R8, 1
0x00A5	0x0875      	MOVF       R5, 0
0x00A6	0x1803      	BTFSC      STATUS, 0
0x00A7	0x0F75      	INCFSZ     R5, 0
0x00A8	0x07F9      	ADDWF      R9, 1
0x00A9	0x0876      	MOVF       R6, 0
0x00AA	0x1803      	BTFSC      STATUS, 0
0x00AB	0x0F76      	INCFSZ     R6, 0
0x00AC	0x07FA      	ADDWF      R10, 1
0x00AD	0x0877      	MOVF       R7, 0
0x00AE	0x1803      	BTFSC      STATUS, 0
0x00AF	0x0F77      	INCFSZ     R7, 0
0x00B0	0x07FB      	ADDWF      R11, 1
0x00B1	0x0100      	CLRW
0x00B2	0x1803      	BTFSC      STATUS, 0
0x00B3	0x3001      	MOVLW      1
0x00B4	0x07A0      	ADDWF      ___math_tempb, 1
UOK22L8:
0x00B5	0x0DF2      	RLF        R2, 1
0x00B6	0x3007      	MOVLW      7
0x00B7	0x00FC      	MOVWF      R12
LOOPU3232B:
0x00B8	0x0D72      	RLF        R2, 0
0x00B9	0x0DF8      	RLF        R8, 1
0x00BA	0x0DF9      	RLF        R9, 1
0x00BB	0x0DFA      	RLF        R10, 1
0x00BC	0x0DFB      	RLF        R11, 1
0x00BD	0x0DA0      	RLF        ___math_tempb, 1
0x00BE	0x0874      	MOVF       R4, 0
0x00BF	0x1C72      	BTFSS      R2, 0
0x00C0	0x28D3      	GOTO       UADD22LB
0x00C1	0x02F8      	SUBWF      R8, 1
0x00C2	0x0875      	MOVF       R5, 0
0x00C3	0x1C03      	BTFSS      STATUS, 0
0x00C4	0x0F75      	INCFSZ     R5, 0
0x00C5	0x02F9      	SUBWF      R9, 1
0x00C6	0x0876      	MOVF       R6, 0
0x00C7	0x1C03      	BTFSS      STATUS, 0
0x00C8	0x0F76      	INCFSZ     R6, 0
0x00C9	0x02FA      	SUBWF      R10, 1
0x00CA	0x0877      	MOVF       R7, 0
0x00CB	0x1C03      	BTFSS      STATUS, 0
0x00CC	0x0F77      	INCFSZ     R7, 0
0x00CD	0x02FB      	SUBWF      R11, 1
0x00CE	0x0100      	CLRW
0x00CF	0x1C03      	BTFSS      STATUS, 0
0x00D0	0x3001      	MOVLW      1
0x00D1	0x02A0      	SUBWF      ___math_tempb, 1
0x00D2	0x28E4      	GOTO       UOK22LB
UADD22LB:
0x00D3	0x07F8      	ADDWF      R8, 1
0x00D4	0x0875      	MOVF       R5, 0
0x00D5	0x1803      	BTFSC      STATUS, 0
0x00D6	0x0F75      	INCFSZ     R5, 0
0x00D7	0x07F9      	ADDWF      R9, 1
0x00D8	0x0876      	MOVF       R6, 0
0x00D9	0x1803      	BTFSC      STATUS, 0
0x00DA	0x0F76      	INCFSZ     R6, 0
0x00DB	0x07FA      	ADDWF      R10, 1
0x00DC	0x0877      	MOVF       R7, 0
0x00DD	0x1803      	BTFSC      STATUS, 0
0x00DE	0x0F77      	INCFSZ     R7, 0
0x00DF	0x07FB      	ADDWF      R11, 1
0x00E0	0x0100      	CLRW
0x00E1	0x1803      	BTFSC      STATUS, 0
0x00E2	0x3001      	MOVLW      1
0x00E3	0x07A0      	ADDWF      ___math_tempb, 1
UOK22LB:
0x00E4	0x0DF2      	RLF        R2, 1
0x00E5	0x0BFC      	DECFSZ     R12, 1
0x00E6	0x28B8      	GOTO       LOOPU3232B
0x00E7	0x0D71      	RLF        R1, 0
0x00E8	0x0DF8      	RLF        R8, 1
0x00E9	0x0DF9      	RLF        R9, 1
0x00EA	0x0DFA      	RLF        R10, 1
0x00EB	0x0DFB      	RLF        R11, 1
0x00EC	0x0DA0      	RLF        ___math_tempb, 1
0x00ED	0x0874      	MOVF       R4, 0
0x00EE	0x1C72      	BTFSS      R2, 0
0x00EF	0x2902      	GOTO       UADD22L16
0x00F0	0x02F8      	SUBWF      R8, 1
0x00F1	0x0875      	MOVF       R5, 0
0x00F2	0x1C03      	BTFSS      STATUS, 0
0x00F3	0x0F75      	INCFSZ     R5, 0
0x00F4	0x02F9      	SUBWF      R9, 1
0x00F5	0x0876      	MOVF       R6, 0
0x00F6	0x1C03      	BTFSS      STATUS, 0
0x00F7	0x0F76      	INCFSZ     R6, 0
0x00F8	0x02FA      	SUBWF      R10, 1
0x00F9	0x0877      	MOVF       R7, 0
0x00FA	0x1C03      	BTFSS      STATUS, 0
0x00FB	0x0F77      	INCFSZ     R7, 0
0x00FC	0x02FB      	SUBWF      R11, 1
0x00FD	0x0100      	CLRW
0x00FE	0x1C03      	BTFSS      STATUS, 0
0x00FF	0x3001      	MOVLW      1
0x0100	0x02A0      	SUBWF      ___math_tempb, 1
0x0101	0x2913      	GOTO       UOK22L16
UADD22L16:
0x0102	0x07F8      	ADDWF      R8, 1
0x0103	0x0875      	MOVF       R5, 0
0x0104	0x1803      	BTFSC      STATUS, 0
0x0105	0x0F75      	INCFSZ     R5, 0
0x0106	0x07F9      	ADDWF      R9, 1
0x0107	0x0876      	MOVF       R6, 0
0x0108	0x1803      	BTFSC      STATUS, 0
0x0109	0x0F76      	INCFSZ     R6, 0
0x010A	0x07FA      	ADDWF      R10, 1
0x010B	0x0877      	MOVF       R7, 0
0x010C	0x1803      	BTFSC      STATUS, 0
0x010D	0x0F77      	INCFSZ     R7, 0
0x010E	0x07FB      	ADDWF      R11, 1
0x010F	0x0100      	CLRW
0x0110	0x1803      	BTFSC      STATUS, 0
0x0111	0x3001      	MOVLW      1
0x0112	0x07A0      	ADDWF      ___math_tempb, 1
UOK22L16:
0x0113	0x0DF1      	RLF        R1, 1
0x0114	0x3007      	MOVLW      7
0x0115	0x00FC      	MOVWF      R12
LOOPU3232C:
0x0116	0x0D71      	RLF        R1, 0
0x0117	0x0DF8      	RLF        R8, 1
0x0118	0x0DF9      	RLF        R9, 1
0x0119	0x0DFA      	RLF        R10, 1
0x011A	0x0DFB      	RLF        R11, 1
0x011B	0x0DA0      	RLF        ___math_tempb, 1
0x011C	0x0874      	MOVF       R4, 0
0x011D	0x1C71      	BTFSS      R1, 0
0x011E	0x2931      	GOTO       UADD22LC
0x011F	0x02F8      	SUBWF      R8, 1
0x0120	0x0875      	MOVF       R5, 0
0x0121	0x1C03      	BTFSS      STATUS, 0
0x0122	0x0F75      	INCFSZ     R5, 0
0x0123	0x02F9      	SUBWF      R9, 1
0x0124	0x0876      	MOVF       R6, 0
0x0125	0x1C03      	BTFSS      STATUS, 0
0x0126	0x0F76      	INCFSZ     R6, 0
0x0127	0x02FA      	SUBWF      R10, 1
0x0128	0x0877      	MOVF       R7, 0
0x0129	0x1C03      	BTFSS      STATUS, 0
0x012A	0x0F77      	INCFSZ     R7, 0
0x012B	0x02FB      	SUBWF      R11, 1
0x012C	0x0100      	CLRW
0x012D	0x1C03      	BTFSS      STATUS, 0
0x012E	0x3001      	MOVLW      1
0x012F	0x02A0      	SUBWF      ___math_tempb, 1
0x0130	0x2942      	GOTO       UOK22LC
UADD22LC:
0x0131	0x07F8      	ADDWF      R8, 1
0x0132	0x0875      	MOVF       R5, 0
0x0133	0x1803      	BTFSC      STATUS, 0
0x0134	0x0F75      	INCFSZ     R5, 0
0x0135	0x07F9      	ADDWF      R9, 1
0x0136	0x0876      	MOVF       R6, 0
0x0137	0x1803      	BTFSC      STATUS, 0
0x0138	0x0F76      	INCFSZ     R6, 0
0x0139	0x07FA      	ADDWF      R10, 1
0x013A	0x0877      	MOVF       R7, 0
0x013B	0x1803      	BTFSC      STATUS, 0
0x013C	0x0F77      	INCFSZ     R7, 0
0x013D	0x07FB      	ADDWF      R11, 1
0x013E	0x0100      	CLRW
0x013F	0x1803      	BTFSC      STATUS, 0
0x0140	0x3001      	MOVLW      1
0x0141	0x07A0      	ADDWF      ___math_tempb, 1
UOK22LC:
0x0142	0x0DF1      	RLF        R1, 1
0x0143	0x0BFC      	DECFSZ     R12, 1
0x0144	0x2916      	GOTO       LOOPU3232C
0x0145	0x0D70      	RLF        R0, 0
0x0146	0x0DF8      	RLF        R8, 1
0x0147	0x0DF9      	RLF        R9, 1
0x0148	0x0DFA      	RLF        R10, 1
0x0149	0x0DFB      	RLF        R11, 1
0x014A	0x0DA0      	RLF        ___math_tempb, 1
0x014B	0x0874      	MOVF       R4, 0
0x014C	0x1C71      	BTFSS      R1, 0
0x014D	0x2960      	GOTO       UADD22L24
0x014E	0x02F8      	SUBWF      R8, 1
0x014F	0x0875      	MOVF       R5, 0
0x0150	0x1C03      	BTFSS      STATUS, 0
0x0151	0x0F75      	INCFSZ     R5, 0
0x0152	0x02F9      	SUBWF      R9, 1
0x0153	0x0876      	MOVF       R6, 0
0x0154	0x1C03      	BTFSS      STATUS, 0
0x0155	0x0F76      	INCFSZ     R6, 0
0x0156	0x02FA      	SUBWF      R10, 1
0x0157	0x0877      	MOVF       R7, 0
0x0158	0x1C03      	BTFSS      STATUS, 0
0x0159	0x0F77      	INCFSZ     R7, 0
0x015A	0x02FB      	SUBWF      R11, 1
0x015B	0x0100      	CLRW
0x015C	0x1C03      	BTFSS      STATUS, 0
0x015D	0x3001      	MOVLW      1
0x015E	0x02A0      	SUBWF      ___math_tempb, 1
0x015F	0x2971      	GOTO       UOK22L24
UADD22L24:
0x0160	0x07F8      	ADDWF      R8, 1
0x0161	0x0875      	MOVF       R5, 0
0x0162	0x1803      	BTFSC      STATUS, 0
0x0163	0x0F75      	INCFSZ     R5, 0
0x0164	0x07F9      	ADDWF      R9, 1
0x0165	0x0876      	MOVF       R6, 0
0x0166	0x1803      	BTFSC      STATUS, 0
0x0167	0x0F76      	INCFSZ     R6, 0
0x0168	0x07FA      	ADDWF      R10, 1
0x0169	0x0877      	MOVF       R7, 0
0x016A	0x1803      	BTFSC      STATUS, 0
0x016B	0x0F77      	INCFSZ     R7, 0
0x016C	0x07FB      	ADDWF      R11, 1
0x016D	0x0100      	CLRW
0x016E	0x1803      	BTFSC      STATUS, 0
0x016F	0x3001      	MOVLW      1
0x0170	0x07A0      	ADDWF      ___math_tempb, 1
UOK22L24:
0x0171	0x0DF0      	RLF        R0, 1
0x0172	0x3007      	MOVLW      7
0x0173	0x00FC      	MOVWF      R12
LOOPU3232D:
0x0174	0x0D70      	RLF        R0, 0
0x0175	0x0DF8      	RLF        R8, 1
0x0176	0x0DF9      	RLF        R9, 1
0x0177	0x0DFA      	RLF        R10, 1
0x0178	0x0DFB      	RLF        R11, 1
0x0179	0x0DA0      	RLF        ___math_tempb, 1
0x017A	0x0874      	MOVF       R4, 0
0x017B	0x1C70      	BTFSS      R0, 0
0x017C	0x298F      	GOTO       UADD22LD
0x017D	0x02F8      	SUBWF      R8, 1
0x017E	0x0875      	MOVF       R5, 0
0x017F	0x1C03      	BTFSS      STATUS, 0
0x0180	0x0F75      	INCFSZ     R5, 0
0x0181	0x02F9      	SUBWF      R9, 1
0x0182	0x0876      	MOVF       R6, 0
0x0183	0x1C03      	BTFSS      STATUS, 0
0x0184	0x0F76      	INCFSZ     R6, 0
0x0185	0x02FA      	SUBWF      R10, 1
0x0186	0x0877      	MOVF       R7, 0
0x0187	0x1C03      	BTFSS      STATUS, 0
0x0188	0x0F77      	INCFSZ     R7, 0
0x0189	0x02FB      	SUBWF      R11, 1
0x018A	0x0100      	CLRW
0x018B	0x1C03      	BTFSS      STATUS, 0
0x018C	0x3001      	MOVLW      1
0x018D	0x02A0      	SUBWF      ___math_tempb, 1
0x018E	0x29A0      	GOTO       UOK22LD
UADD22LD:
0x018F	0x07F8      	ADDWF      R8, 1
0x0190	0x0875      	MOVF       R5, 0
0x0191	0x1803      	BTFSC      STATUS, 0
0x0192	0x0F75      	INCFSZ     R5, 0
0x0193	0x07F9      	ADDWF      R9, 1
0x0194	0x0876      	MOVF       R6, 0
0x0195	0x1803      	BTFSC      STATUS, 0
0x0196	0x0F76      	INCFSZ     R6, 0
0x0197	0x07FA      	ADDWF      R10, 1
0x0198	0x0877      	MOVF       R7, 0
0x0199	0x1803      	BTFSC      STATUS, 0
0x019A	0x0F77      	INCFSZ     R7, 0
0x019B	0x07FB      	ADDWF      R11, 1
0x019C	0x0100      	CLRW
0x019D	0x1803      	BTFSC      STATUS, 0
0x019E	0x3001      	MOVLW      1
0x019F	0x07A0      	ADDWF      ___math_tempb, 1
UOK22LD:
0x01A0	0x0DF0      	RLF        R0, 1
0x01A1	0x0BFC      	DECFSZ     R12, 1
0x01A2	0x2974      	GOTO       LOOPU3232D
0x01A3	0x1870      	BTFSC      R0, 0
0x01A4	0x29B3      	GOTO       UOK22L
0x01A5	0x0874      	MOVF       R4, 0
0x01A6	0x07F8      	ADDWF      R8, 1
0x01A7	0x0875      	MOVF       R5, 0
0x01A8	0x1803      	BTFSC      STATUS, 0
0x01A9	0x0F75      	INCFSZ     R5, 0
0x01AA	0x07F9      	ADDWF      R9, 1
0x01AB	0x0876      	MOVF       R6, 0
0x01AC	0x1803      	BTFSC      STATUS, 0
0x01AD	0x0F76      	INCFSZ     R6, 0
0x01AE	0x07FA      	ADDWF      R10, 1
0x01AF	0x0877      	MOVF       R7, 0
0x01B0	0x1803      	BTFSC      STATUS, 0
0x01B1	0x0F77      	INCFSZ     R7, 0
0x01B2	0x07FB      	ADDWF      R11, 1
UOK22L:
L_end_Div_32x32_U:
0x01B3	0x0008      	RETURN
; end of _Div_32x32_U
_Mul_32x32_U:
0x01B4	0x1283      	BCF        STATUS, 5
0x01B5	0x1303      	BCF        STATUS, 6
0x01B6	0x3022      	MOVLW      34
0x01B7	0x00FC      	MOVWF      R12
0x01B8	0x01F8      	CLRF       R8
0x01B9	0x01F9      	CLRF       R9
0x01BA	0x01FA      	CLRF       R10
0x01BB	0x01FB      	CLRF       R11
_NEXT:
0x01BC	0x03FC      	DECF       R12, 1
0x01BD	0x1903      	BTFSC      STATUS, 2
0x01BE	0x29EA      	GOTO       _EXIT2
0x01BF	0x1003      	BCF        STATUS, 0
_LOOP:
0x01C0	0x0CFB      	RRF        R11, 1
0x01C1	0x0CFA      	RRF        R10, 1
0x01C2	0x0CF9      	RRF        R9, 1
0x01C3	0x0CF8      	RRF        R8, 1
0x01C4	0x0CF3      	RRF        R3, 1
0x01C5	0x0CF2      	RRF        R2, 1
0x01C6	0x0CF1      	RRF        R1, 1
0x01C7	0x0CF0      	RRF        R0, 1
0x01C8	0x1C03      	BTFSS      STATUS, 0
0x01C9	0x29BC      	GOTO       _NEXT
0x01CA	0x03FC      	DECF       R12, 1
0x01CB	0x1903      	BTFSC      STATUS, 2
0x01CC	0x29DC      	GOTO       _EXIT1
0x01CD	0x0874      	MOVF       R4, 0
0x01CE	0x07F8      	ADDWF      R8, 1
0x01CF	0x0875      	MOVF       R5, 0
0x01D0	0x1803      	BTFSC      STATUS, 0
0x01D1	0x0F75      	INCFSZ     R5, 0
0x01D2	0x07F9      	ADDWF      R9, 1
0x01D3	0x0876      	MOVF       R6, 0
0x01D4	0x1803      	BTFSC      STATUS, 0
0x01D5	0x0F76      	INCFSZ     R6, 0
0x01D6	0x07FA      	ADDWF      R10, 1
0x01D7	0x0877      	MOVF       R7, 0
0x01D8	0x1803      	BTFSC      STATUS, 0
0x01D9	0x0F77      	INCFSZ     R7, 0
0x01DA	0x07FB      	ADDWF      R11, 1
0x01DB	0x29C0      	GOTO       _LOOP
_EXIT1:
0x01DC	0x0874      	MOVF       R4, 0
0x01DD	0x07F8      	ADDWF      R8, 1
0x01DE	0x0875      	MOVF       R5, 0
0x01DF	0x1803      	BTFSC      STATUS, 0
0x01E0	0x0F75      	INCFSZ     R5, 0
0x01E1	0x07F9      	ADDWF      R9, 1
0x01E2	0x0876      	MOVF       R6, 0
0x01E3	0x1803      	BTFSC      STATUS, 0
0x01E4	0x0F76      	INCFSZ     R6, 0
0x01E5	0x07FA      	ADDWF      R10, 1
0x01E6	0x0877      	MOVF       R7, 0
0x01E7	0x1803      	BTFSC      STATUS, 0
0x01E8	0x0F77      	INCFSZ     R7, 0
0x01E9	0x07FB      	ADDWF      R11, 1
_EXIT2:
L_end_Mul_32x32_U:
0x01EA	0x0008      	RETURN
; end of _Mul_32x32_U
_Sound_Play:
0x01EB	0x2033      	CALL       _Get_Fosc_kHz
0x01EC	0x30E8      	MOVLW      232
0x01ED	0x00F4      	MOVWF      R4
0x01EE	0x3003      	MOVLW      3
0x01EF	0x00F5      	MOVWF      R4+1
0x01F0	0x01F6      	CLRF       R4+2
0x01F1	0x01F7      	CLRF       R4+3
0x01F2	0x21B4      	CALL       _Mul_32x32_U
0x01F3	0x0870      	MOVF       R0, 0
0x01F4	0x00B0      	MOVWF      Sound_Play_per_nc_L0
0x01F5	0x0871      	MOVF       R0+1, 0
0x01F6	0x00B1      	MOVWF      Sound_Play_per_nc_L0+1
0x01F7	0x0872      	MOVF       R0+2, 0
0x01F8	0x00B2      	MOVWF      Sound_Play_per_nc_L0+2
0x01F9	0x0873      	MOVF       R0+3, 0
0x01FA	0x00B3      	MOVWF      Sound_Play_per_nc_L0+3
0x01FB	0x0828      	MOVF       FARG_Sound_Play_freq_in_hz, 0
0x01FC	0x00F4      	MOVWF      R4
0x01FD	0x0829      	MOVF       FARG_Sound_Play_freq_in_hz+1, 0
0x01FE	0x00F5      	MOVWF      R4+1
0x01FF	0x01F6      	CLRF       R4+2
0x0200	0x01F7      	CLRF       R4+3
0x0201	0x203C      	CALL       _Div_32x32_U
0x0202	0x0870      	MOVF       R0, 0
0x0203	0x00B0      	MOVWF      Sound_Play_per_nc_L0
0x0204	0x0871      	MOVF       R0+1, 0
0x0205	0x00B1      	MOVWF      Sound_Play_per_nc_L0+1
0x0206	0x0872      	MOVF       R0+2, 0
0x0207	0x00B2      	MOVWF      Sound_Play_per_nc_L0+2
0x0208	0x0873      	MOVF       R0+3, 0
0x0209	0x00B3      	MOVWF      Sound_Play_per_nc_L0+3
0x020A	0x0870      	MOVF       R0, 0
0x020B	0x00F5      	MOVWF      R5
0x020C	0x0871      	MOVF       R0+1, 0
0x020D	0x00F6      	MOVWF      R5+1
0x020E	0x0872      	MOVF       R0+2, 0
0x020F	0x00F7      	MOVWF      R5+2
0x0210	0x0873      	MOVF       R0+3, 0
0x0211	0x00F8      	MOVWF      R5+3
0x0212	0x0CF8      	RRF        R5+3, 1
0x0213	0x0CF7      	RRF        R5+2, 1
0x0214	0x0CF6      	RRF        R5+1, 1
0x0215	0x0CF5      	RRF        R5, 1
0x0216	0x13F8      	BCF        R5+3, 7
0x0217	0x0CF8      	RRF        R5+3, 1
0x0218	0x0CF7      	RRF        R5+2, 1
0x0219	0x0CF6      	RRF        R5+1, 1
0x021A	0x0CF5      	RRF        R5, 1
0x021B	0x13F8      	BCF        R5+3, 7
0x021C	0x0875      	MOVF       R5, 0
0x021D	0x00F0      	MOVWF      R0
0x021E	0x0876      	MOVF       R5+1, 0
0x021F	0x00F1      	MOVWF      R0+1
0x0220	0x0877      	MOVF       R5+2, 0
0x0221	0x00F2      	MOVWF      R0+2
0x0222	0x0878      	MOVF       R5+3, 0
0x0223	0x00F3      	MOVWF      R0+3
0x0224	0x0CF3      	RRF        R0+3, 1
0x0225	0x0CF2      	RRF        R0+2, 1
0x0226	0x0CF1      	RRF        R0+1, 1
0x0227	0x0CF0      	RRF        R0, 1
0x0228	0x13F3      	BCF        R0+3, 7
0x0229	0x0870      	MOVF       R0, 0
0x022A	0x00AC      	MOVWF      Sound_Play_nc_L0
0x022B	0x0871      	MOVF       R0+1, 0
0x022C	0x00AD      	MOVWF      Sound_Play_nc_L0+1
0x022D	0x2033      	CALL       _Get_Fosc_kHz
0x022E	0x082A      	MOVF       FARG_Sound_Play_duration_ms, 0
0x022F	0x00F4      	MOVWF      R4
0x0230	0x082B      	MOVF       FARG_Sound_Play_duration_ms+1, 0
0x0231	0x00F5      	MOVWF      R4+1
0x0232	0x01F6      	CLRF       R4+2
0x0233	0x01F7      	CLRF       R4+3
0x0234	0x21B4      	CALL       _Mul_32x32_U
0x0235	0x082C      	MOVF       Sound_Play_nc_L0, 0
0x0236	0x00F9      	MOVWF      R9
0x0237	0x082D      	MOVF       Sound_Play_nc_L0+1, 0
0x0238	0x00FA      	MOVWF      R9+1
0x0239	0x01FB      	CLRF       R9+2
0x023A	0x01FC      	CLRF       R9+3
0x023B	0x3003      	MOVLW      3
0x023C	0x00F8      	MOVWF      R8
0x023D	0x0879      	MOVF       R9, 0
0x023E	0x00F4      	MOVWF      R4
0x023F	0x087A      	MOVF       R9+1, 0
0x0240	0x00F5      	MOVWF      R4+1
0x0241	0x087B      	MOVF       R9+2, 0
0x0242	0x00F6      	MOVWF      R4+2
0x0243	0x087C      	MOVF       R9+3, 0
0x0244	0x00F7      	MOVWF      R4+3
0x0245	0x0878      	MOVF       R8, 0
L__Sound_Play15:
0x0246	0x1903      	BTFSC      STATUS, 2
0x0247	0x2A4F      	GOTO       L__Sound_Play16
0x0248	0x0DF4      	RLF        R4, 1
0x0249	0x0DF5      	RLF        R4+1, 1
0x024A	0x0DF6      	RLF        R4+2, 1
0x024B	0x0DF7      	RLF        R4+3, 1
0x024C	0x1074      	BCF        R4, 0
0x024D	0x3EFF      	ADDLW      255
0x024E	0x2A46      	GOTO       L__Sound_Play15
L__Sound_Play16:
0x024F	0x203C      	CALL       _Div_32x32_U
0x0250	0x0870      	MOVF       R0, 0
0x0251	0x00B0      	MOVWF      Sound_Play_per_nc_L0
0x0252	0x0871      	MOVF       R0+1, 0
0x0253	0x00B1      	MOVWF      Sound_Play_per_nc_L0+1
0x0254	0x0872      	MOVF       R0+2, 0
0x0255	0x00B2      	MOVWF      Sound_Play_per_nc_L0+2
0x0256	0x0873      	MOVF       R0+3, 0
0x0257	0x00B3      	MOVWF      Sound_Play_per_nc_L0+3
0x0258	0x300A      	MOVLW      10
0x0259	0x00F4      	MOVWF      R4
0x025A	0x3000      	MOVLW      0
0x025B	0x00F5      	MOVWF      R4+1
0x025C	0x082C      	MOVF       Sound_Play_nc_L0, 0
0x025D	0x00F0      	MOVWF      R0
0x025E	0x082D      	MOVF       Sound_Play_nc_L0+1, 0
0x025F	0x00F1      	MOVWF      R0+1
0x0260	0x2003      	CALL       _Div_16X16_U
0x0261	0x0870      	MOVF       R0, 0
0x0262	0x00AC      	MOVWF      Sound_Play_nc_L0
0x0263	0x0871      	MOVF       R0+1, 0
0x0264	0x00AD      	MOVWF      Sound_Play_nc_L0+1
0x0265	0x3000      	MOVLW      0
0x0266	0x0271      	SUBWF      R0+1, 0
0x0267	0x1D03      	BTFSS      STATUS, 2
0x0268	0x2A6B      	GOTO       L__Sound_Play17
0x0269	0x3003      	MOVLW      3
0x026A	0x0270      	SUBWF      R0, 0
L__Sound_Play17:
0x026B	0x1803      	BTFSC      STATUS, 0
0x026C	0x2A6E      	GOTO       L_Sound_Play0
0x026D	0x2ABB      	GOTO       L_end_Sound_Play
L_Sound_Play0:
0x026E	0x0825      	MOVF       __Lib_Sound_soundPortAddr, 0
0x026F	0x0084      	MOVWF      FSR
L_Sound_Play1:
0x0270	0x0833      	MOVF       Sound_Play_per_nc_L0+3, 0
0x0271	0x3C00      	SUBLW      0
0x0272	0x1D03      	BTFSS      STATUS, 2
0x0273	0x2A7E      	GOTO       L__Sound_Play18
0x0274	0x0832      	MOVF       Sound_Play_per_nc_L0+2, 0
0x0275	0x3C00      	SUBLW      0
0x0276	0x1D03      	BTFSS      STATUS, 2
0x0277	0x2A7E      	GOTO       L__Sound_Play18
0x0278	0x0831      	MOVF       Sound_Play_per_nc_L0+1, 0
0x0279	0x3C00      	SUBLW      0
0x027A	0x1D03      	BTFSS      STATUS, 2
0x027B	0x2A7E      	GOTO       L__Sound_Play18
0x027C	0x0830      	MOVF       Sound_Play_per_nc_L0, 0
0x027D	0x3C00      	SUBLW      0
L__Sound_Play18:
0x027E	0x1803      	BTFSC      STATUS, 0
0x027F	0x2AB9      	GOTO       L_Sound_Play2
0x0280	0x0823      	MOVF       __Lib_Sound_pinMask1, 0
0x0281	0x0480      	IORWF      INDF, 1
0x0282	0x082D      	MOVF       Sound_Play_nc_L0+1, 0
0x0283	0x1903      	BTFSC      STATUS, 2
0x0284	0x2A95      	GOTO       L_Sound_Play3
0x0285	0x01AE      	CLRF       Sound_Play_i_L0
0x0286	0x01AF      	CLRF       Sound_Play_i_L0+1
L_Sound_Play4:
0x0287	0x3000      	MOVLW      0
0x0288	0x022F      	SUBWF      Sound_Play_i_L0+1, 0
0x0289	0x1D03      	BTFSS      STATUS, 2
0x028A	0x2A8D      	GOTO       L__Sound_Play19
0x028B	0x082D      	MOVF       Sound_Play_nc_L0+1, 0
0x028C	0x022E      	SUBWF      Sound_Play_i_L0, 0
L__Sound_Play19:
0x028D	0x1803      	BTFSC      STATUS, 0
0x028E	0x2A95      	GOTO       L_Sound_Play5
0x028F	0x01B4      	CLRF       FARG_Delay_Cyc_cycles_div_by_10
0x0290	0x2020      	CALL       _Delay_Cyc
0x0291	0x0AAE      	INCF       Sound_Play_i_L0, 1
0x0292	0x1903      	BTFSC      STATUS, 2
0x0293	0x0AAF      	INCF       Sound_Play_i_L0+1, 1
0x0294	0x2A87      	GOTO       L_Sound_Play4
L_Sound_Play5:
L_Sound_Play3:
0x0295	0x082C      	MOVF       Sound_Play_nc_L0, 0
0x0296	0x00B4      	MOVWF      FARG_Delay_Cyc_cycles_div_by_10
0x0297	0x2020      	CALL       _Delay_Cyc
0x0298	0x0824      	MOVF       __Lib_Sound_pinMask0, 0
0x0299	0x0580      	ANDWF      INDF, 1
0x029A	0x082D      	MOVF       Sound_Play_nc_L0+1, 0
0x029B	0x1903      	BTFSC      STATUS, 2
0x029C	0x2AAD      	GOTO       L_Sound_Play7
0x029D	0x01AE      	CLRF       Sound_Play_i_L0
0x029E	0x01AF      	CLRF       Sound_Play_i_L0+1
L_Sound_Play8:
0x029F	0x3000      	MOVLW      0
0x02A0	0x022F      	SUBWF      Sound_Play_i_L0+1, 0
0x02A1	0x1D03      	BTFSS      STATUS, 2
0x02A2	0x2AA5      	GOTO       L__Sound_Play20
0x02A3	0x082D      	MOVF       Sound_Play_nc_L0+1, 0
0x02A4	0x022E      	SUBWF      Sound_Play_i_L0, 0
L__Sound_Play20:
0x02A5	0x1803      	BTFSC      STATUS, 0
0x02A6	0x2AAD      	GOTO       L_Sound_Play9
0x02A7	0x01B4      	CLRF       FARG_Delay_Cyc_cycles_div_by_10
0x02A8	0x2020      	CALL       _Delay_Cyc
0x02A9	0x0AAE      	INCF       Sound_Play_i_L0, 1
0x02AA	0x1903      	BTFSC      STATUS, 2
0x02AB	0x0AAF      	INCF       Sound_Play_i_L0+1, 1
0x02AC	0x2A9F      	GOTO       L_Sound_Play8
L_Sound_Play9:
L_Sound_Play7:
0x02AD	0x082C      	MOVF       Sound_Play_nc_L0, 0
0x02AE	0x00B4      	MOVWF      FARG_Delay_Cyc_cycles_div_by_10
0x02AF	0x2020      	CALL       _Delay_Cyc
0x02B0	0x3001      	MOVLW      1
0x02B1	0x02B0      	SUBWF      Sound_Play_per_nc_L0, 1
0x02B2	0x1C03      	BTFSS      STATUS, 0
0x02B3	0x02B1      	SUBWF      Sound_Play_per_nc_L0+1, 1
0x02B4	0x1C03      	BTFSS      STATUS, 0
0x02B5	0x02B2      	SUBWF      Sound_Play_per_nc_L0+2, 1
0x02B6	0x1C03      	BTFSS      STATUS, 0
0x02B7	0x02B3      	SUBWF      Sound_Play_per_nc_L0+3, 1
0x02B8	0x2A70      	GOTO       L_Sound_Play1
L_Sound_Play2:
0x02B9	0x0824      	MOVF       __Lib_Sound_pinMask0, 0
0x02BA	0x0580      	ANDWF      INDF, 1
L_end_Sound_Play:
0x02BB	0x0008      	RETURN
; end of _Sound_Play
_____DoICP:
0x02BC	0x1283      	BCF        STATUS, 5
0x02BD	0x1303      	BCF        STATUS, 6
0x02BE	0x0822      	MOVF       ___DoICPAddr+1, 0
0x02BF	0x008A      	MOVWF      PCLATH
0x02C0	0x0821      	MOVF       ___DoICPAddr, 0
0x02C1	0x0082      	MOVWF      PCL
L_end_____DoICP:
0x02C2	0x0008      	RETURN
; end of _____DoICP
___CC2DW:
_CC2D_Loop1:
0x02C3	0x22BC      	CALL       _____DoICP
0x02C4	0x118A      	BCF        PCLATH, 3
0x02C5	0x120A      	BCF        PCLATH, 4
0x02C6	0x0080      	MOVWF      INDF
0x02C7	0x0A84      	INCF       FSR, 1
0x02C8	0x0AA1      	INCF       ___DoICPAddr, 1
0x02C9	0x1903      	BTFSC      STATUS, 2
0x02CA	0x0AA2      	INCF       ___DoICPAddr+1, 1
0x02CB	0x03F0      	DECF       R0, 1
0x02CC	0x1D03      	BTFSS      STATUS, 2
0x02CD	0x2AC3      	GOTO       _CC2D_Loop1
L_end___CC2DW:
0x02CE	0x0008      	RETURN
; end of ___CC2DW
_Dragon_Ball_GT:
0x02CF	0x3010      	MOVLW      16
0x02D0	0x1283      	BCF        STATUS, 5
0x02D1	0x1303      	BCF        STATUS, 6
0x02D2	0x00A8      	MOVWF      FARG_Sound_Play_freq_in_hz
0x02D3	0x3003      	MOVLW      3
0x02D4	0x00A9      	MOVWF      FARG_Sound_Play_freq_in_hz+1
0x02D5	0x3026      	MOVLW      38
0x02D6	0x00AA      	MOVWF      FARG_Sound_Play_duration_ms
0x02D7	0x3002      	MOVLW      2
0x02D8	0x00AB      	MOVWF      FARG_Sound_Play_duration_ms+1
0x02D9	0x21EB      	CALL       _Sound_Play
0x02DA	0x3002      	MOVLW      2
0x02DB	0x00FB      	MOVWF      R11
0x02DC	0x3004      	MOVLW      4
0x02DD	0x00FC      	MOVWF      R12
0x02DE	0x30BA      	MOVLW      186
0x02DF	0x00FD      	MOVWF      R13
L_Dragon_Ball_GT2:
0x02E0	0x0BFD      	DECFSZ     R13, 1
0x02E1	0x2AE0      	GOTO       L_Dragon_Ball_GT2
0x02E2	0x0BFC      	DECFSZ     R12, 1
0x02E3	0x2AE0      	GOTO       L_Dragon_Ball_GT2
0x02E4	0x0BFB      	DECFSZ     R11, 1
0x02E5	0x2AE0      	GOTO       L_Dragon_Ball_GT2
0x02E6	0x0000      	NOP
0x02E7	0x3010      	MOVLW      16
0x02E8	0x00A8      	MOVWF      FARG_Sound_Play_freq_in_hz
0x02E9	0x3003      	MOVLW      3
0x02EA	0x00A9      	MOVWF      FARG_Sound_Play_freq_in_hz+1
0x02EB	0x3026      	MOVLW      38
0x02EC	0x00AA      	MOVWF      FARG_Sound_Play_duration_ms
0x02ED	0x3002      	MOVLW      2
0x02EE	0x00AB      	MOVWF      FARG_Sound_Play_duration_ms+1
0x02EF	0x21EB      	CALL       _Sound_Play
0x02F0	0x3002      	MOVLW      2
0x02F1	0x00FB      	MOVWF      R11
0x02F2	0x3004      	MOVLW      4
0x02F3	0x00FC      	MOVWF      R12
0x02F4	0x30BA      	MOVLW      186
0x02F5	0x00FD      	MOVWF      R13
L_Dragon_Ball_GT3:
0x02F6	0x0BFD      	DECFSZ     R13, 1
0x02F7	0x2AF6      	GOTO       L_Dragon_Ball_GT3
0x02F8	0x0BFC      	DECFSZ     R12, 1
0x02F9	0x2AF6      	GOTO       L_Dragon_Ball_GT3
0x02FA	0x0BFB      	DECFSZ     R11, 1
0x02FB	0x2AF6      	GOTO       L_Dragon_Ball_GT3
0x02FC	0x0000      	NOP
0x02FD	0x3093      	MOVLW      147
0x02FE	0x00A8      	MOVWF      FARG_Sound_Play_freq_in_hz
0x02FF	0x3002      	MOVLW      2
0x0300	0x00A9      	MOVWF      FARG_Sound_Play_freq_in_hz+1
0x0301	0x302C      	MOVLW      44
0x0302	0x00AA      	MOVWF      FARG_Sound_Play_duration_ms
0x0303	0x3001      	MOVLW      1
0x0304	0x00AB      	MOVWF      FARG_Sound_Play_duration_ms+1
0x0305	0x21EB      	CALL       _Sound_Play
0x0306	0x30BA      	MOVLW      186
0x0307	0x00A8      	MOVWF      FARG_Sound_Play_freq_in_hz
0x0308	0x3002      	MOVLW      2
0x0309	0x00A9      	MOVWF      FARG_Sound_Play_freq_in_hz+1
0x030A	0x302C      	MOVLW      44
0x030B	0x00AA      	MOVWF      FARG_Sound_Play_duration_ms
0x030C	0x3001      	MOVLW      1
0x030D	0x00AB      	MOVWF      FARG_Sound_Play_duration_ms+1
0x030E	0x21EB      	CALL       _Sound_Play
0x030F	0x3010      	MOVLW      16
0x0310	0x00A8      	MOVWF      FARG_Sound_Play_freq_in_hz
0x0311	0x3003      	MOVLW      3
0x0312	0x00A9      	MOVWF      FARG_Sound_Play_freq_in_hz+1
0x0313	0x302C      	MOVLW      44
0x0314	0x00AA      	MOVWF      FARG_Sound_Play_duration_ms
0x0315	0x3001      	MOVLW      1
0x0316	0x00AB      	MOVWF      FARG_Sound_Play_duration_ms+1
0x0317	0x21EB      	CALL       _Sound_Play
0x0318	0x3070      	MOVLW      112
0x0319	0x00A8      	MOVWF      FARG_Sound_Play_freq_in_hz
0x031A	0x3003      	MOVLW      3
0x031B	0x00A9      	MOVWF      FARG_Sound_Play_freq_in_hz+1
0x031C	0x302C      	MOVLW      44
0x031D	0x00AA      	MOVWF      FARG_Sound_Play_duration_ms
0x031E	0x3001      	MOVLW      1
0x031F	0x00AB      	MOVWF      FARG_Sound_Play_duration_ms+1
0x0320	0x21EB      	CALL       _Sound_Play
0x0321	0x3010      	MOVLW      16
0x0322	0x00A8      	MOVWF      FARG_Sound_Play_freq_in_hz
0x0323	0x3003      	MOVLW      3
0x0324	0x00A9      	MOVWF      FARG_Sound_Play_freq_in_hz+1
0x0325	0x3026      	MOVLW      38
0x0326	0x00AA      	MOVWF      FARG_Sound_Play_duration_ms
0x0327	0x3002      	MOVLW      2
0x0328	0x00AB      	MOVWF      FARG_Sound_Play_duration_ms+1
0x0329	0x21EB      	CALL       _Sound_Play
0x032A	0x30BA      	MOVLW      186
0x032B	0x00A8      	MOVWF      FARG_Sound_Play_freq_in_hz
0x032C	0x3002      	MOVLW      2
0x032D	0x00A9      	MOVWF      FARG_Sound_Play_freq_in_hz+1
0x032E	0x3026      	MOVLW      38
0x032F	0x00AA      	MOVWF      FARG_Sound_Play_duration_ms
0x0330	0x3002      	MOVLW      2
0x0331	0x00AB      	MOVWF      FARG_Sound_Play_duration_ms+1
0x0332	0x21EB      	CALL       _Sound_Play
0x0333	0x3093      	MOVLW      147
0x0334	0x00A8      	MOVWF      FARG_Sound_Play_freq_in_hz
0x0335	0x3002      	MOVLW      2
0x0336	0x00A9      	MOVWF      FARG_Sound_Play_freq_in_hz+1
0x0337	0x3026      	MOVLW      38
0x0338	0x00AA      	MOVWF      FARG_Sound_Play_duration_ms
0x0339	0x3002      	MOVLW      2
0x033A	0x00AB      	MOVWF      FARG_Sound_Play_duration_ms+1
0x033B	0x21EB      	CALL       _Sound_Play
0x033C	0x304B      	MOVLW      75
0x033D	0x00A8      	MOVWF      FARG_Sound_Play_freq_in_hz
0x033E	0x3002      	MOVLW      2
0x033F	0x00A9      	MOVWF      FARG_Sound_Play_freq_in_hz+1
0x0340	0x308A      	MOVLW      138
0x0341	0x00AA      	MOVWF      FARG_Sound_Play_duration_ms
0x0342	0x3002      	MOVLW      2
0x0343	0x00AB      	MOVWF      FARG_Sound_Play_duration_ms+1
0x0344	0x21EB      	CALL       _Sound_Play
0x0345	0x3093      	MOVLW      147
0x0346	0x00A8      	MOVWF      FARG_Sound_Play_freq_in_hz
0x0347	0x3002      	MOVLW      2
0x0348	0x00A9      	MOVWF      FARG_Sound_Play_freq_in_hz+1
0x0349	0x3026      	MOVLW      38
0x034A	0x00AA      	MOVWF      FARG_Sound_Play_duration_ms
0x034B	0x3002      	MOVLW      2
0x034C	0x00AB      	MOVWF      FARG_Sound_Play_duration_ms+1
0x034D	0x21EB      	CALL       _Sound_Play
0x034E	0x3002      	MOVLW      2
0x034F	0x00FB      	MOVWF      R11
0x0350	0x3004      	MOVLW      4
0x0351	0x00FC      	MOVWF      R12
0x0352	0x30BA      	MOVLW      186
0x0353	0x00FD      	MOVWF      R13
L_Dragon_Ball_GT4:
0x0354	0x0BFD      	DECFSZ     R13, 1
0x0355	0x2B54      	GOTO       L_Dragon_Ball_GT4
0x0356	0x0BFC      	DECFSZ     R12, 1
0x0357	0x2B54      	GOTO       L_Dragon_Ball_GT4
0x0358	0x0BFB      	DECFSZ     R11, 1
0x0359	0x2B54      	GOTO       L_Dragon_Ball_GT4
0x035A	0x0000      	NOP
0x035B	0x3093      	MOVLW      147
0x035C	0x00A8      	MOVWF      FARG_Sound_Play_freq_in_hz
0x035D	0x3002      	MOVLW      2
0x035E	0x00A9      	MOVWF      FARG_Sound_Play_freq_in_hz+1
0x035F	0x3026      	MOVLW      38
0x0360	0x00AA      	MOVWF      FARG_Sound_Play_duration_ms
0x0361	0x3002      	MOVLW      2
0x0362	0x00AB      	MOVWF      FARG_Sound_Play_duration_ms+1
0x0363	0x21EB      	CALL       _Sound_Play
0x0364	0x3002      	MOVLW      2
0x0365	0x00FB      	MOVWF      R11
0x0366	0x3004      	MOVLW      4
0x0367	0x00FC      	MOVWF      R12
0x0368	0x30BA      	MOVLW      186
0x0369	0x00FD      	MOVWF      R13
L_Dragon_Ball_GT5:
0x036A	0x0BFD      	DECFSZ     R13, 1
0x036B	0x2B6A      	GOTO       L_Dragon_Ball_GT5
0x036C	0x0BFC      	DECFSZ     R12, 1
0x036D	0x2B6A      	GOTO       L_Dragon_Ball_GT5
0x036E	0x0BFB      	DECFSZ     R11, 1
0x036F	0x2B6A      	GOTO       L_Dragon_Ball_GT5
0x0370	0x0000      	NOP
0x0371	0x300B      	MOVLW      11
0x0372	0x00A8      	MOVWF      FARG_Sound_Play_freq_in_hz
0x0373	0x3002      	MOVLW      2
0x0374	0x00A9      	MOVWF      FARG_Sound_Play_freq_in_hz+1
0x0375	0x302C      	MOVLW      44
0x0376	0x00AA      	MOVWF      FARG_Sound_Play_duration_ms
0x0377	0x3001      	MOVLW      1
0x0378	0x00AB      	MOVWF      FARG_Sound_Play_duration_ms+1
0x0379	0x21EB      	CALL       _Sound_Play
0x037A	0x304B      	MOVLW      75
0x037B	0x00A8      	MOVWF      FARG_Sound_Play_freq_in_hz
0x037C	0x3002      	MOVLW      2
0x037D	0x00A9      	MOVWF      FARG_Sound_Play_freq_in_hz+1
0x037E	0x302C      	MOVLW      44
0x037F	0x00AA      	MOVWF      FARG_Sound_Play_duration_ms
0x0380	0x3001      	MOVLW      1
0x0381	0x00AB      	MOVWF      FARG_Sound_Play_duration_ms+1
0x0382	0x21EB      	CALL       _Sound_Play
0x0383	0x3093      	MOVLW      147
0x0384	0x00A8      	MOVWF      FARG_Sound_Play_freq_in_hz
0x0385	0x3002      	MOVLW      2
0x0386	0x00A9      	MOVWF      FARG_Sound_Play_freq_in_hz+1
0x0387	0x302C      	MOVLW      44
0x0388	0x00AA      	MOVWF      FARG_Sound_Play_duration_ms
0x0389	0x3001      	MOVLW      1
0x038A	0x00AB      	MOVWF      FARG_Sound_Play_duration_ms+1
0x038B	0x21EB      	CALL       _Sound_Play
0x038C	0x30BA      	MOVLW      186
0x038D	0x00A8      	MOVWF      FARG_Sound_Play_freq_in_hz
0x038E	0x3002      	MOVLW      2
0x038F	0x00A9      	MOVWF      FARG_Sound_Play_freq_in_hz+1
0x0390	0x302C      	MOVLW      44
0x0391	0x00AA      	MOVWF      FARG_Sound_Play_duration_ms
0x0392	0x3001      	MOVLW      1
0x0393	0x00AB      	MOVWF      FARG_Sound_Play_duration_ms+1
0x0394	0x21EB      	CALL       _Sound_Play
0x0395	0x3093      	MOVLW      147
0x0396	0x00A8      	MOVWF      FARG_Sound_Play_freq_in_hz
0x0397	0x3002      	MOVLW      2
0x0398	0x00A9      	MOVWF      FARG_Sound_Play_freq_in_hz+1
0x0399	0x3026      	MOVLW      38
0x039A	0x00AA      	MOVWF      FARG_Sound_Play_duration_ms
0x039B	0x3002      	MOVLW      2
0x039C	0x00AB      	MOVWF      FARG_Sound_Play_duration_ms+1
0x039D	0x21EB      	CALL       _Sound_Play
0x039E	0x304B      	MOVLW      75
0x039F	0x00A8      	MOVWF      FARG_Sound_Play_freq_in_hz
0x03A0	0x3002      	MOVLW      2
0x03A1	0x00A9      	MOVWF      FARG_Sound_Play_freq_in_hz+1
0x03A2	0x3026      	MOVLW      38
0x03A3	0x00AA      	MOVWF      FARG_Sound_Play_duration_ms
0x03A4	0x3002      	MOVLW      2
0x03A5	0x00AB      	MOVWF      FARG_Sound_Play_duration_ms+1
0x03A6	0x21EB      	CALL       _Sound_Play
0x03A7	0x300B      	MOVLW      11
0x03A8	0x00A8      	MOVWF      FARG_Sound_Play_freq_in_hz
0x03A9	0x3002      	MOVLW      2
0x03AA	0x00A9      	MOVWF      FARG_Sound_Play_freq_in_hz+1
0x03AB	0x3026      	MOVLW      38
0x03AC	0x00AA      	MOVWF      FARG_Sound_Play_duration_ms
0x03AD	0x3002      	MOVLW      2
0x03AE	0x00AB      	MOVWF      FARG_Sound_Play_duration_ms+1
0x03AF	0x21EB      	CALL       _Sound_Play
0x03B0	0x30EE      	MOVLW      238
0x03B1	0x00A8      	MOVWF      FARG_Sound_Play_freq_in_hz
0x03B2	0x3001      	MOVLW      1
0x03B3	0x00A9      	MOVWF      FARG_Sound_Play_freq_in_hz+1
0x03B4	0x3026      	MOVLW      38
0x03B5	0x00AA      	MOVWF      FARG_Sound_Play_duration_ms
0x03B6	0x3002      	MOVLW      2
0x03B7	0x00AB      	MOVWF      FARG_Sound_Play_duration_ms+1
0x03B8	0x21EB      	CALL       _Sound_Play
0x03B9	0x30B8      	MOVLW      184
0x03BA	0x00A8      	MOVWF      FARG_Sound_Play_freq_in_hz
0x03BB	0x3001      	MOVLW      1
0x03BC	0x00A9      	MOVWF      FARG_Sound_Play_freq_in_hz+1
0x03BD	0x3026      	MOVLW      38
0x03BE	0x00AA      	MOVWF      FARG_Sound_Play_duration_ms
0x03BF	0x3002      	MOVLW      2
0x03C0	0x00AB      	MOVWF      FARG_Sound_Play_duration_ms+1
0x03C1	0x21EB      	CALL       _Sound_Play
0x03C2	0x300B      	MOVLW      11
0x03C3	0x00FB      	MOVWF      R11
0x03C4	0x3026      	MOVLW      38
0x03C5	0x00FC      	MOVWF      R12
0x03C6	0x305D      	MOVLW      93
0x03C7	0x00FD      	MOVWF      R13
L_Dragon_Ball_GT6:
0x03C8	0x0BFD      	DECFSZ     R13, 1
0x03C9	0x2BC8      	GOTO       L_Dragon_Ball_GT6
0x03CA	0x0BFC      	DECFSZ     R12, 1
0x03CB	0x2BC8      	GOTO       L_Dragon_Ball_GT6
0x03CC	0x0BFB      	DECFSZ     R11, 1
0x03CD	0x2BC8      	GOTO       L_Dragon_Ball_GT6
0x03CE	0x0000      	NOP
0x03CF	0x0000      	NOP
L_end_Dragon_Ball_GT:
0x03D0	0x0008      	RETURN
; end of _Dragon_Ball_GT
_Sound_Init:
0x03D1	0x1283      	BCF        STATUS, 5
0x03D2	0x1303      	BCF        STATUS, 6
0x03D3	0x0826      	MOVF       FARG_Sound_Init_snd_port, 0
0x03D4	0x00A5      	MOVWF      __Lib_Sound_soundPortAddr
0x03D5	0x0827      	MOVF       FARG_Sound_Init_snd_pin, 0
0x03D6	0x00F1      	MOVWF      R1
0x03D7	0x3001      	MOVLW      1
0x03D8	0x00F0      	MOVWF      R0
0x03D9	0x0871      	MOVF       R1, 0
L__Sound_Init12:
0x03DA	0x1903      	BTFSC      STATUS, 2
0x03DB	0x2BE0      	GOTO       L__Sound_Init13
0x03DC	0x0DF0      	RLF        R0, 1
0x03DD	0x1070      	BCF        R0, 0
0x03DE	0x3EFF      	ADDLW      255
0x03DF	0x2BDA      	GOTO       L__Sound_Init12
L__Sound_Init13:
0x03E0	0x0870      	MOVF       R0, 0
0x03E1	0x00A3      	MOVWF      __Lib_Sound_pinMask1
0x03E2	0x09F0      	COMF       R0, 1
0x03E3	0x0870      	MOVF       R0, 0
0x03E4	0x00A4      	MOVWF      __Lib_Sound_pinMask0
0x03E5	0x3080      	MOVLW      128
0x03E6	0x0726      	ADDWF      FARG_Sound_Init_snd_port, 0
0x03E7	0x0084      	MOVWF      FSR
0x03E8	0x0870      	MOVF       R0, 0
0x03E9	0x0580      	ANDWF      INDF, 1
0x03EA	0x1384      	BCF        FSR, 7
0x03EB	0x0870      	MOVF       R0, 0
0x03EC	0x0580      	ANDWF      INDF, 1
L_end_Sound_Init:
0x03ED	0x0008      	RETURN
; end of _Sound_Init
_main:
0x03EE	0x1683      	BSF        STATUS, 5
0x03EF	0x1703      	BSF        STATUS, 6
0x03F0	0x0188      	CLRF       ANSEL
0x03F1	0x0189      	CLRF       ANSELH
0x03F2	0x1283      	BCF        STATUS, 5
0x03F3	0x1387      	BCF        C1ON_bit, BitPos(C1ON_bit+0)
0x03F4	0x1388      	BCF        C2ON_bit, BitPos(C2ON_bit+0)
0x03F5	0x3009      	MOVLW      PORTE
0x03F6	0x1303      	BCF        STATUS, 6
0x03F7	0x00A6      	MOVWF      FARG_Sound_Init_snd_port
0x03F8	0x3002      	MOVLW      2
0x03F9	0x00A7      	MOVWF      FARG_Sound_Init_snd_pin
0x03FA	0x23D1      	CALL       _Sound_Init
L_main0:
0x03FB	0x22CF      	CALL       _Dragon_Ball_GT
0x03FC	0x2BFB      	GOTO       L_main0
L_end_main:
0x03FD	0x2BFD      	GOTO       $+0
; end of _main
Symbol List:
//** Routines locations **
//ADDRESS    SIZE    PROCEDURE
//----------------------------------------------
0x0003      [29]    _Div_16X16_U
0x0020      [19]    _Delay_Cyc
0x0033       [9]    _Get_Fosc_kHz
0x003C     [376]    _Div_32x32_U
0x01B4      [55]    _Mul_32x32_U
0x01EB     [209]    _Sound_Play
0x02BC       [7]    _____DoICP
0x02C3      [12]    ___CC2DW
0x02CF     [258]    _Dragon_Ball_GT
0x03D1      [29]    _Sound_Init
0x03EE      [16]    _main
//** Variables locations ** 
//ADDRESS    SIZE    VARIABLE
//----------------------------------------------
0x0000       [1]    INDF
0x0002       [1]    PCL
0x0003       [1]    STATUS
0x0004       [1]    FSR
0x0009       [1]    PORTE
0x000A       [1]    PCLATH
0x0020       [1]    ___math_tempb
0x0021       [2]    ___DoICPAddr
0x0023       [1]    __Lib_Sound_pinMask1
0x0024       [1]    __Lib_Sound_pinMask0
0x0025       [1]    __Lib_Sound_soundPortAddr
0x0026       [1]    FARG_Sound_Init_snd_port
0x0027       [1]    FARG_Sound_Init_snd_pin
0x0028       [2]    FARG_Sound_Play_freq_in_hz
0x002A       [2]    FARG_Sound_Play_duration_ms
0x002C       [2]    Sound_Play_nc_L0
0x002E       [2]    Sound_Play_i_L0
0x0030       [4]    Sound_Play_per_nc_L0
0x0034       [1]    FARG_Delay_Cyc_cycles_div_by_10
0x0070       [1]    R0
0x0071       [1]    R1
0x0072       [1]    R2
0x0073       [1]    R3
0x0074       [1]    R4
0x0075       [1]    R5
0x0076       [1]    R6
0x0077       [1]    R7
0x0078       [1]    R8
0x0079       [1]    R9
0x007A       [1]    R10
0x007B       [1]    R11
0x007C       [1]    R12
0x007D       [1]    R13
0x007E       [1]    R14
0x007F       [1]    R15
0x0107       [0]    C1ON_bit
0x0108       [0]    C2ON_bit
0x0188       [1]    ANSEL
0x0189       [1]    ANSELH
