;  LST file generated by mikroListExporter - v.2.0 
; Date/Time: 3/6/2019 15:43:47
;----------------------------------------------

;Address Opcode 	ASM
0x0000	0x2816      	GOTO       22
_____DoICP:
0x0003	0x1283      	BCF        STATUS, 5
0x0004	0x1303      	BCF        STATUS, 6
0x0005	0x0861      	MOVF       ___DoICPAddr+1, 0
0x0006	0x008A      	MOVWF      PCLATH
0x0007	0x0860      	MOVF       ___DoICPAddr, 0
0x0008	0x0082      	MOVWF      PCL
L_end_____DoICP:
0x0009	0x0008      	RETURN
; end of _____DoICP
___CC2DW:
_CC2D_Loop1:
0x000A	0x2003      	CALL       _____DoICP
0x000B	0x118A      	BCF        PCLATH, 3
0x000C	0x120A      	BCF        PCLATH, 4
0x000D	0x0080      	MOVWF      INDF
0x000E	0x0A84      	INCF       FSR, 1
0x000F	0x0AE0      	INCF       ___DoICPAddr, 1
0x0010	0x1903      	BTFSC      STATUS, 2
0x0011	0x0AE1      	INCF       ___DoICPAddr+1, 1
0x0012	0x03F0      	DECF       R0, 1
0x0013	0x1D03      	BTFSS      STATUS, 2
0x0014	0x280A      	GOTO       _CC2D_Loop1
L_end___CC2DW:
0x0015	0x0008      	RETURN
; end of ___CC2DW
_main:
0x0016	0x2108      	CALL       264
0x0017	0x1683      	BSF        STATUS, 5
0x0018	0x1703      	BSF        STATUS, 6
0x0019	0x0189      	CLRF       ANSELH
0x001A	0x0188      	CLRF       ANSEL
0x001B	0x1303      	BCF        STATUS, 6
0x001C	0x0187      	CLRF       TRISC
0x001D	0x0188      	CLRF       TRISD
0x001E	0x0186      	CLRF       TRISB
0x001F	0x30FF      	MOVLW      255
0x0020	0x1283      	BCF        STATUS, 5
0x0021	0x0086      	MOVWF      PORTB
L_main0:
0x0022	0x1806      	BTFSC      PORTB, 0
0x0023	0x2849      	GOTO       L_main2
0x0024	0x01E2      	CLRF       _i
0x0025	0x01E3      	CLRF       _i+1
L_main3:
0x0026	0x3080      	MOVLW      128
0x0027	0x0663      	XORWF      _i+1, 0
0x0028	0x00F0      	MOVWF      R0
0x0029	0x3080      	MOVLW      128
0x002A	0x0270      	SUBWF      R0, 0
0x002B	0x1D03      	BTFSS      STATUS, 2
0x002C	0x282F      	GOTO       L__main24
0x002D	0x3008      	MOVLW      8
0x002E	0x0262      	SUBWF      _i, 0
L__main24:
0x002F	0x1803      	BTFSC      STATUS, 0
0x0030	0x2849      	GOTO       L_main4
0x0031	0x0862      	MOVF       _i, 0
0x0032	0x3E20      	ADDLW      _PORT
0x0033	0x0084      	MOVWF      FSR
0x0034	0x0800      	MOVF       INDF, 0
0x0035	0x0088      	MOVWF      PORTD
0x0036	0x0862      	MOVF       _i, 0
0x0037	0x3E28      	ADDLW      _LETRA
0x0038	0x0084      	MOVWF      FSR
0x0039	0x0900      	COMF       INDF, 0
0x003A	0x0087      	MOVWF      PORTC
0x003B	0x3003      	MOVLW      3
0x003C	0x00FC      	MOVWF      R12
0x003D	0x3097      	MOVLW      151
0x003E	0x00FD      	MOVWF      R13
L_main6:
0x003F	0x0BFD      	DECFSZ     R13, 1
0x0040	0x283F      	GOTO       L_main6
0x0041	0x0BFC      	DECFSZ     R12, 1
0x0042	0x283F      	GOTO       L_main6
0x0043	0x0000      	NOP
0x0044	0x0000      	NOP
0x0045	0x0AE2      	INCF       _i, 1
0x0046	0x1903      	BTFSC      STATUS, 2
0x0047	0x0AE3      	INCF       _i+1, 1
0x0048	0x2826      	GOTO       L_main3
L_main4:
L_main2:
0x0049	0x1886      	BTFSC      PORTB, 1
0x004A	0x2870      	GOTO       L_main7
0x004B	0x01E2      	CLRF       _i
0x004C	0x01E3      	CLRF       _i+1
L_main8:
0x004D	0x3080      	MOVLW      128
0x004E	0x0663      	XORWF      _i+1, 0
0x004F	0x00F0      	MOVWF      R0
0x0050	0x3080      	MOVLW      128
0x0051	0x0270      	SUBWF      R0, 0
0x0052	0x1D03      	BTFSS      STATUS, 2
0x0053	0x2856      	GOTO       L__main25
0x0054	0x3008      	MOVLW      8
0x0055	0x0262      	SUBWF      _i, 0
L__main25:
0x0056	0x1803      	BTFSC      STATUS, 0
0x0057	0x2870      	GOTO       L_main9
0x0058	0x0862      	MOVF       _i, 0
0x0059	0x3E20      	ADDLW      _PORT
0x005A	0x0084      	MOVWF      FSR
0x005B	0x0800      	MOVF       INDF, 0
0x005C	0x0088      	MOVWF      PORTD
0x005D	0x0862      	MOVF       _i, 0
0x005E	0x3E58      	ADDLW      _FIGURA
0x005F	0x0084      	MOVWF      FSR
0x0060	0x0900      	COMF       INDF, 0
0x0061	0x0087      	MOVWF      PORTC
0x0062	0x3003      	MOVLW      3
0x0063	0x00FC      	MOVWF      R12
0x0064	0x3097      	MOVLW      151
0x0065	0x00FD      	MOVWF      R13
L_main11:
0x0066	0x0BFD      	DECFSZ     R13, 1
0x0067	0x2866      	GOTO       L_main11
0x0068	0x0BFC      	DECFSZ     R12, 1
0x0069	0x2866      	GOTO       L_main11
0x006A	0x0000      	NOP
0x006B	0x0000      	NOP
0x006C	0x0AE2      	INCF       _i, 1
0x006D	0x1903      	BTFSC      STATUS, 2
0x006E	0x0AE3      	INCF       _i+1, 1
0x006F	0x284D      	GOTO       L_main8
L_main9:
L_main7:
0x0070	0x1906      	BTFSC      PORTB, 2
0x0071	0x28C1      	GOTO       L_main12
0x0072	0x01E2      	CLRF       _i
0x0073	0x01E3      	CLRF       _i+1
L_main13:
0x0074	0x3080      	MOVLW      128
0x0075	0x0663      	XORWF      _i+1, 0
0x0076	0x00F0      	MOVWF      R0
0x0077	0x3080      	MOVLW      128
0x0078	0x0270      	SUBWF      R0, 0
0x0079	0x1D03      	BTFSS      STATUS, 2
0x007A	0x287D      	GOTO       L__main26
0x007B	0x3020      	MOVLW      32
0x007C	0x0262      	SUBWF      _i, 0
L__main26:
0x007D	0x1803      	BTFSC      STATUS, 0
0x007E	0x28C1      	GOTO       L_main14
0x007F	0x01E4      	CLRF       _k
0x0080	0x01E5      	CLRF       _k+1
L_main16:
0x0081	0x3080      	MOVLW      128
0x0082	0x0665      	XORWF      _k+1, 0
0x0083	0x00F0      	MOVWF      R0
0x0084	0x3080      	MOVLW      128
0x0085	0x0270      	SUBWF      R0, 0
0x0086	0x1D03      	BTFSS      STATUS, 2
0x0087	0x288A      	GOTO       L__main27
0x0088	0x3032      	MOVLW      50
0x0089	0x0264      	SUBWF      _k, 0
L__main27:
0x008A	0x1803      	BTFSC      STATUS, 0
0x008B	0x28BD      	GOTO       L_main17
0x008C	0x01E6      	CLRF       _j
0x008D	0x01E7      	CLRF       _j+1
L_main19:
0x008E	0x3080      	MOVLW      128
0x008F	0x0667      	XORWF      _j+1, 0
0x0090	0x00F0      	MOVWF      R0
0x0091	0x3080      	MOVLW      128
0x0092	0x0270      	SUBWF      R0, 0
0x0093	0x1D03      	BTFSS      STATUS, 2
0x0094	0x2897      	GOTO       L__main28
0x0095	0x3008      	MOVLW      8
0x0096	0x0266      	SUBWF      _j, 0
L__main28:
0x0097	0x1803      	BTFSC      STATUS, 0
0x0098	0x28B9      	GOTO       L_main20
0x0099	0x0866      	MOVF       _j, 0
0x009A	0x3E20      	ADDLW      _PORT
0x009B	0x0084      	MOVWF      FSR
0x009C	0x0800      	MOVF       INDF, 0
0x009D	0x0088      	MOVWF      PORTD
0x009E	0x0866      	MOVF       _j, 0
0x009F	0x0762      	ADDWF      _i, 0
0x00A0	0x00F0      	MOVWF      R0
0x00A1	0x0863      	MOVF       _i+1, 0
0x00A2	0x1803      	BTFSC      STATUS, 0
0x00A3	0x3E01      	ADDLW      1
0x00A4	0x0767      	ADDWF      _j+1, 0
0x00A5	0x00F1      	MOVWF      R0+1
0x00A6	0x0870      	MOVF       R0, 0
0x00A7	0x3E30      	ADDLW      _MENSAJE
0x00A8	0x0084      	MOVWF      FSR
0x00A9	0x0900      	COMF       INDF, 0
0x00AA	0x0087      	MOVWF      PORTC
0x00AB	0x3003      	MOVLW      3
0x00AC	0x00FC      	MOVWF      R12
0x00AD	0x3097      	MOVLW      151
0x00AE	0x00FD      	MOVWF      R13
L_main22:
0x00AF	0x0BFD      	DECFSZ     R13, 1
0x00B0	0x28AF      	GOTO       L_main22
0x00B1	0x0BFC      	DECFSZ     R12, 1
0x00B2	0x28AF      	GOTO       L_main22
0x00B3	0x0000      	NOP
0x00B4	0x0000      	NOP
0x00B5	0x0AE6      	INCF       _j, 1
0x00B6	0x1903      	BTFSC      STATUS, 2
0x00B7	0x0AE7      	INCF       _j+1, 1
0x00B8	0x288E      	GOTO       L_main19
L_main20:
0x00B9	0x0AE4      	INCF       _k, 1
0x00BA	0x1903      	BTFSC      STATUS, 2
0x00BB	0x0AE5      	INCF       _k+1, 1
0x00BC	0x2881      	GOTO       L_main16
L_main17:
0x00BD	0x0AE2      	INCF       _i, 1
0x00BE	0x1903      	BTFSC      STATUS, 2
0x00BF	0x0AE3      	INCF       _i+1, 1
0x00C0	0x2874      	GOTO       L_main13
L_main14:
L_main12:
0x00C1	0x2822      	GOTO       L_main0
L_end_main:
0x00C2	0x28C2      	GOTO       $+0
; end of _main
0x0108	0x3020      	MOVLW      32
0x0109	0x0084      	MOVWF      FSR
0x010A	0x3040      	MOVLW      64
0x010B	0x1283      	BCF        STATUS, 5
0x010C	0x1303      	BCF        STATUS, 6
0x010D	0x00F0      	MOVWF      R0
0x010E	0x30C8      	MOVLW      200
0x010F	0x00E0      	MOVWF      ___DoICPAddr
0x0110	0x3000      	MOVLW      0
0x0111	0x00E1      	MOVWF      97
0x0112	0x200A      	CALL       10
0x0113	0x0008      	RETURN
;TA2_ej3.c,0 :: ?ICS_PORT
0x00C8	0x3401 ;?ICS_PORT+0
0x00C9	0x3402 ;?ICS_PORT+1
0x00CA	0x3404 ;?ICS_PORT+2
0x00CB	0x3408 ;?ICS_PORT+3
0x00CC	0x3410 ;?ICS_PORT+4
0x00CD	0x3420 ;?ICS_PORT+5
0x00CE	0x3440 ;?ICS_PORT+6
0x00CF	0x3480 ;?ICS_PORT+7
; end of ?ICS_PORT
;TA2_ej3.c,0 :: ?ICS_LETRA
0x00D0	0x3418 ;?ICS_LETRA+0
0x00D1	0x3424 ;?ICS_LETRA+1
0x00D2	0x3442 ;?ICS_LETRA+2
0x00D3	0x3442 ;?ICS_LETRA+3
0x00D4	0x3442 ;?ICS_LETRA+4
0x00D5	0x347E ;?ICS_LETRA+5
0x00D6	0x3442 ;?ICS_LETRA+6
0x00D7	0x3442 ;?ICS_LETRA+7
; end of ?ICS_LETRA
;TA2_ej3.c,0 :: ?ICS_MENSAJE
0x00D8	0x3400 ;?ICS_MENSAJE+0
0x00D9	0x347E ;?ICS_MENSAJE+1
0x00DA	0x347E ;?ICS_MENSAJE+2
0x00DB	0x3418 ;?ICS_MENSAJE+3
0x00DC	0x3418 ;?ICS_MENSAJE+4
0x00DD	0x347E ;?ICS_MENSAJE+5
0x00DE	0x347E ;?ICS_MENSAJE+6
0x00DF	0x3400 ;?ICS_MENSAJE+7
0x00E0	0x3400 ;?ICS_MENSAJE+8
0x00E1	0x347E ;?ICS_MENSAJE+9
0x00E2	0x347E ;?ICS_MENSAJE+10
0x00E3	0x3466 ;?ICS_MENSAJE+11
0x00E4	0x3466 ;?ICS_MENSAJE+12
0x00E5	0x347E ;?ICS_MENSAJE+13
0x00E6	0x347E ;?ICS_MENSAJE+14
0x00E7	0x3400 ;?ICS_MENSAJE+15
0x00E8	0x3400 ;?ICS_MENSAJE+16
0x00E9	0x347E ;?ICS_MENSAJE+17
0x00EA	0x347E ;?ICS_MENSAJE+18
0x00EB	0x3460 ;?ICS_MENSAJE+19
0x00EC	0x3460 ;?ICS_MENSAJE+20
0x00ED	0x3460 ;?ICS_MENSAJE+21
0x00EE	0x3460 ;?ICS_MENSAJE+22
0x00EF	0x3400 ;?ICS_MENSAJE+23
0x00F0	0x3400 ;?ICS_MENSAJE+24
0x00F1	0x347E ;?ICS_MENSAJE+25
0x00F2	0x347E ;?ICS_MENSAJE+26
0x00F3	0x3416 ;?ICS_MENSAJE+27
0x00F4	0x3416 ;?ICS_MENSAJE+28
0x00F5	0x347E ;?ICS_MENSAJE+29
0x00F6	0x347E ;?ICS_MENSAJE+30
0x00F7	0x3400 ;?ICS_MENSAJE+31
0x00F8	0x3400 ;?ICS_MENSAJE+32
0x00F9	0x3400 ;?ICS_MENSAJE+33
0x00FA	0x3400 ;?ICS_MENSAJE+34
0x00FB	0x3400 ;?ICS_MENSAJE+35
0x00FC	0x3400 ;?ICS_MENSAJE+36
0x00FD	0x3400 ;?ICS_MENSAJE+37
0x00FE	0x3400 ;?ICS_MENSAJE+38
0x00FF	0x3400 ;?ICS_MENSAJE+39
; end of ?ICS_MENSAJE
;TA2_ej3.c,0 :: ?ICS_FIGURA
0x0100	0x34CE ;?ICS_FIGURA+0
0x0101	0x3491 ;?ICS_FIGURA+1
0x0102	0x3421 ;?ICS_FIGURA+2
0x0103	0x3442 ;?ICS_FIGURA+3
0x0104	0x3442 ;?ICS_FIGURA+4
0x0105	0x3421 ;?ICS_FIGURA+5
0x0106	0x3491 ;?ICS_FIGURA+6
0x0107	0x34CE ;?ICS_FIGURA+7
; end of ?ICS_FIGURA
Symbol List:
//** Routines locations **
//ADDRESS    SIZE    PROCEDURE
//----------------------------------------------
0x0003       [7]    _____DoICP
0x000A      [12]    ___CC2DW
0x0016     [172]    _main
//** Variables locations ** 
//ADDRESS    SIZE    VARIABLE
//----------------------------------------------
0x0000       [1]    INDF
0x0002       [1]    PCL
0x0003       [1]    STATUS
0x0004       [1]    FSR
0x0006       [1]    PORTB
0x0007       [1]    PORTC
0x0008       [1]    PORTD
0x000A       [1]    PCLATH
0x0020       [8]    _PORT
0x0028       [8]    _LETRA
0x0030      [40]    _MENSAJE
0x0058       [8]    _FIGURA
0x0060       [2]    ___DoICPAddr
0x0062       [2]    _i
0x0064       [2]    _k
0x0066       [2]    _j
0x0070       [1]    R0
0x0071       [1]    R1
0x0072       [1]    R2
0x0073       [1]    R3
0x0074       [1]    R4
0x0075       [1]    R5
0x0076       [1]    R6
0x0077       [1]    R7
0x0078       [1]    R8
0x0079       [1]    R9
0x007A       [1]    R10
0x007B       [1]    R11
0x007C       [1]    R12
0x007D       [1]    R13
0x007E       [1]    R14
0x007F       [1]    R15
0x0086       [1]    TRISB
0x0087       [1]    TRISC
0x0088       [1]    TRISD
0x0188       [1]    ANSEL
0x0189       [1]    ANSELH
//** Constants locations ** 
//ADDRESS    SIZE    CONSTANT
//----------------------------------------------
0x00C8       [8]    ?ICS_PORT
0x00D0       [8]    ?ICS_LETRA
0x00D8      [40]    ?ICS_MENSAJE
0x0100       [8]    ?ICS_FIGURA
